mode: set
github.com/E-Furqan/Food-Delivery-System/Repositories/TestRepositories/ConfigTestDatabase.go:16.40,20.16 3 1
github.com/E-Furqan/Food-Delivery-System/Repositories/TestRepositories/ConfigTestDatabase.go:20.16,22.3 1 0
github.com/E-Furqan/Food-Delivery-System/Repositories/TestRepositories/ConfigTestDatabase.go:24.2,28.16 3 1
github.com/E-Furqan/Food-Delivery-System/Repositories/TestRepositories/ConfigTestDatabase.go:28.16,30.3 1 0
github.com/E-Furqan/Food-Delivery-System/Repositories/TestRepositories/ConfigTestDatabase.go:32.2,33.16 2 1
github.com/E-Furqan/Food-Delivery-System/Repositories/TestRepositories/ConfigTestDatabase.go:33.16,35.3 1 0
github.com/E-Furqan/Food-Delivery-System/Repositories/TestRepositories/ConfigTestDatabase.go:37.2,38.16 2 1
github.com/E-Furqan/Food-Delivery-System/Repositories/TestRepositories/ConfigTestDatabase.go:38.16,40.3 1 0
github.com/E-Furqan/Food-Delivery-System/Repositories/TestRepositories/ConfigTestDatabase.go:41.2,43.11 2 1
