mode: set
github.com/E-Furqan/Food-Delivery-System/main.go:14.13,35.2 12 0
github.com/E-Furqan/Food-Delivery-System/Client/RestaurantClient/restaurantClient.go:16.69,20.2 1 0
github.com/E-Furqan/Food-Delivery-System/Client/RestaurantClient/restaurantClient.go:22.90,25.16 2 0
github.com/E-Furqan/Food-Delivery-System/Client/RestaurantClient/restaurantClient.go:25.16,27.3 1 0
github.com/E-Furqan/Food-Delivery-System/Client/RestaurantClient/restaurantClient.go:29.2,31.16 3 0
github.com/E-Furqan/Food-Delivery-System/Client/RestaurantClient/restaurantClient.go:31.16,33.3 1 0
github.com/E-Furqan/Food-Delivery-System/Client/RestaurantClient/restaurantClient.go:34.2,37.16 3 0
github.com/E-Furqan/Food-Delivery-System/Client/RestaurantClient/restaurantClient.go:37.16,39.3 1 0
github.com/E-Furqan/Food-Delivery-System/Client/RestaurantClient/restaurantClient.go:40.2,42.38 2 0
github.com/E-Furqan/Food-Delivery-System/Client/RestaurantClient/restaurantClient.go:42.38,44.3 1 0
github.com/E-Furqan/Food-Delivery-System/Client/RestaurantClient/restaurantClient.go:46.2,47.66 2 0
github.com/E-Furqan/Food-Delivery-System/Client/RestaurantClient/restaurantClient.go:47.66,49.3 1 0
github.com/E-Furqan/Food-Delivery-System/Client/RestaurantClient/restaurantClient.go:51.2,51.19 1 0
github.com/E-Furqan/Food-Delivery-System/Middleware/middleware.go:17.61,21.2 1 0
github.com/E-Furqan/Food-Delivery-System/Middleware/middleware.go:23.60,24.30 1 0
github.com/E-Furqan/Food-Delivery-System/Middleware/middleware.go:24.30,26.70 2 0
github.com/E-Furqan/Food-Delivery-System/Middleware/middleware.go:26.70,30.4 3 0
github.com/E-Furqan/Food-Delivery-System/Middleware/middleware.go:32.3,35.102 3 0
github.com/E-Furqan/Food-Delivery-System/Middleware/middleware.go:35.102,37.4 1 0
github.com/E-Furqan/Food-Delivery-System/Middleware/middleware.go:38.3,38.33 1 0
github.com/E-Furqan/Food-Delivery-System/Middleware/middleware.go:38.33,43.4 3 0
github.com/E-Furqan/Food-Delivery-System/Middleware/middleware.go:45.3,47.11 3 0
github.com/E-Furqan/Food-Delivery-System/Models/MapperModel.go:3.57,18.2 1 0
github.com/E-Furqan/Food-Delivery-System/DatabaseConfig/config.go:16.63,20.2 1 0
github.com/E-Furqan/Food-Delivery-System/DatabaseConfig/config.go:24.61,32.16 3 0
github.com/E-Furqan/Food-Delivery-System/DatabaseConfig/config.go:32.16,34.3 1 0
github.com/E-Furqan/Food-Delivery-System/DatabaseConfig/config.go:36.2,37.16 2 0
github.com/E-Furqan/Food-Delivery-System/DatabaseConfig/config.go:37.16,39.3 1 0
github.com/E-Furqan/Food-Delivery-System/DatabaseConfig/config.go:41.2,42.16 2 0
github.com/E-Furqan/Food-Delivery-System/DatabaseConfig/config.go:42.16,44.3 1 0
github.com/E-Furqan/Food-Delivery-System/DatabaseConfig/config.go:46.2,47.16 2 0
github.com/E-Furqan/Food-Delivery-System/DatabaseConfig/config.go:47.16,49.3 1 0
github.com/E-Furqan/Food-Delivery-System/DatabaseConfig/config.go:51.2,53.11 2 0
github.com/E-Furqan/Food-Delivery-System/Repositories/database.go:16.45,20.2 1 0
github.com/E-Furqan/Food-Delivery-System/Repositories/database.go:22.130,24.47 1 0
github.com/E-Furqan/Food-Delivery-System/Repositories/database.go:24.47,26.3 1 0
github.com/E-Furqan/Food-Delivery-System/Repositories/database.go:28.2,35.31 2 0
github.com/E-Furqan/Food-Delivery-System/Repositories/database.go:35.31,37.3 1 0
github.com/E-Furqan/Food-Delivery-System/Repositories/database.go:39.2,39.33 1 0
github.com/E-Furqan/Food-Delivery-System/Repositories/database.go:39.33,41.3 1 0
github.com/E-Furqan/Food-Delivery-System/Repositories/database.go:43.2,45.16 3 0
github.com/E-Furqan/Food-Delivery-System/Repositories/database.go:45.16,48.3 2 0
github.com/E-Furqan/Food-Delivery-System/Repositories/database.go:50.2,50.42 1 0
github.com/E-Furqan/Food-Delivery-System/Repositories/database.go:50.42,52.3 1 0
github.com/E-Furqan/Food-Delivery-System/Repositories/database.go:54.2,54.12 1 0
github.com/E-Furqan/Food-Delivery-System/Repositories/database.go:57.74,63.16 6 0
github.com/E-Furqan/Food-Delivery-System/Repositories/database.go:63.16,66.3 2 0
github.com/E-Furqan/Food-Delivery-System/Repositories/database.go:68.2,68.42 1 0
github.com/E-Furqan/Food-Delivery-System/Repositories/database.go:68.42,70.3 1 0
github.com/E-Furqan/Food-Delivery-System/Repositories/database.go:72.2,72.12 1 0
github.com/E-Furqan/Food-Delivery-System/Repositories/database.go:75.74,78.16 3 0
github.com/E-Furqan/Food-Delivery-System/Repositories/database.go:78.16,81.3 2 0
github.com/E-Furqan/Food-Delivery-System/Repositories/database.go:83.2,83.42 1 0
github.com/E-Furqan/Food-Delivery-System/Repositories/database.go:83.42,85.3 1 0
github.com/E-Furqan/Food-Delivery-System/Repositories/database.go:87.2,87.12 1 0
github.com/E-Furqan/Food-Delivery-System/Repositories/database.go:90.90,93.16 3 0
github.com/E-Furqan/Food-Delivery-System/Repositories/database.go:93.16,96.3 2 0
github.com/E-Furqan/Food-Delivery-System/Repositories/database.go:98.2,98.42 1 0
github.com/E-Furqan/Food-Delivery-System/Repositories/database.go:98.42,100.3 1 0
github.com/E-Furqan/Food-Delivery-System/Repositories/database.go:102.2,102.12 1 0
github.com/E-Furqan/Food-Delivery-System/Repositories/database.go:105.74,108.16 3 0
github.com/E-Furqan/Food-Delivery-System/Repositories/database.go:108.16,111.3 2 0
github.com/E-Furqan/Food-Delivery-System/Repositories/database.go:113.2,113.42 1 0
github.com/E-Furqan/Food-Delivery-System/Repositories/database.go:113.42,115.3 1 0
github.com/E-Furqan/Food-Delivery-System/Repositories/database.go:117.2,117.12 1 0
github.com/E-Furqan/Food-Delivery-System/Repositories/database.go:120.58,124.30 3 0
github.com/E-Furqan/Food-Delivery-System/Repositories/database.go:124.30,127.3 2 0
github.com/E-Furqan/Food-Delivery-System/Repositories/database.go:129.2,129.25 1 0
github.com/E-Furqan/Food-Delivery-System/Repositories/database.go:129.25,132.3 2 0
github.com/E-Furqan/Food-Delivery-System/Repositories/database.go:134.2,134.42 1 0
github.com/E-Furqan/Food-Delivery-System/Repositories/database.go:134.42,136.3 1 0
github.com/E-Furqan/Food-Delivery-System/Repositories/database.go:138.2,138.12 1 0
github.com/E-Furqan/Food-Delivery-System/Repositories/database.go:141.104,144.48 2 0
github.com/E-Furqan/Food-Delivery-System/Repositories/database.go:144.48,147.3 2 0
github.com/E-Furqan/Food-Delivery-System/Repositories/database.go:149.2,149.53 1 0
github.com/E-Furqan/Food-Delivery-System/Repositories/database.go:149.53,151.96 2 0
github.com/E-Furqan/Food-Delivery-System/Repositories/database.go:151.96,152.37 1 0
github.com/E-Furqan/Food-Delivery-System/Repositories/database.go:152.37,157.53 2 0
github.com/E-Furqan/Food-Delivery-System/Repositories/database.go:157.53,160.6 2 0
github.com/E-Furqan/Food-Delivery-System/Repositories/database.go:161.5,161.27 1 0
github.com/E-Furqan/Food-Delivery-System/Repositories/database.go:162.10,165.5 2 0
github.com/E-Furqan/Food-Delivery-System/Repositories/database.go:168.3,174.53 2 0
github.com/E-Furqan/Food-Delivery-System/Repositories/database.go:174.53,177.4 2 0
github.com/E-Furqan/Food-Delivery-System/Repositories/database.go:180.2,180.42 1 0
github.com/E-Furqan/Food-Delivery-System/Repositories/database.go:180.42,182.3 1 0
github.com/E-Furqan/Food-Delivery-System/Repositories/database.go:184.2,184.12 1 0
github.com/E-Furqan/Food-Delivery-System/Repositories/database.go:187.68,190.16 3 0
github.com/E-Furqan/Food-Delivery-System/Repositories/database.go:190.16,193.3 2 0
github.com/E-Furqan/Food-Delivery-System/Repositories/database.go:195.2,195.42 1 0
github.com/E-Furqan/Food-Delivery-System/Repositories/database.go:195.42,197.3 1 0
github.com/E-Furqan/Food-Delivery-System/Repositories/database.go:199.2,199.12 1 0
github.com/E-Furqan/Food-Delivery-System/Controllers/OrderController/orderController.go:21.110,26.2 1 0
github.com/E-Furqan/Food-Delivery-System/Controllers/OrderController/orderController.go:40.69,42.13 2 0
github.com/E-Furqan/Food-Delivery-System/Controllers/OrderController/orderController.go:42.13,45.3 2 0
github.com/E-Furqan/Food-Delivery-System/Controllers/OrderController/orderController.go:47.2,48.16 2 0
github.com/E-Furqan/Food-Delivery-System/Controllers/OrderController/orderController.go:48.16,50.3 1 0
github.com/E-Furqan/Food-Delivery-System/Controllers/OrderController/orderController.go:52.2,54.51 2 0
github.com/E-Furqan/Food-Delivery-System/Controllers/OrderController/orderController.go:54.51,57.3 2 0
github.com/E-Furqan/Food-Delivery-System/Controllers/OrderController/orderController.go:59.2,62.16 3 0
github.com/E-Furqan/Food-Delivery-System/Controllers/OrderController/orderController.go:62.16,65.3 2 0
github.com/E-Furqan/Food-Delivery-System/Controllers/OrderController/orderController.go:67.2,67.57 1 0
github.com/E-Furqan/Food-Delivery-System/Controllers/OrderController/orderController.go:67.57,69.55 2 0
github.com/E-Furqan/Food-Delivery-System/Controllers/OrderController/orderController.go:69.55,72.4 2 0
github.com/E-Furqan/Food-Delivery-System/Controllers/OrderController/orderController.go:73.3,74.9 2 0
github.com/E-Furqan/Food-Delivery-System/Controllers/OrderController/orderController.go:77.2,79.40 2 0
github.com/E-Furqan/Food-Delivery-System/Controllers/OrderController/orderController.go:80.18,82.25 1 0
github.com/E-Furqan/Food-Delivery-System/Controllers/OrderController/orderController.go:82.25,85.4 2 0
github.com/E-Furqan/Food-Delivery-System/Controllers/OrderController/orderController.go:87.3,87.79 1 0
github.com/E-Furqan/Food-Delivery-System/Controllers/OrderController/orderController.go:87.79,89.4 1 0
github.com/E-Furqan/Food-Delivery-System/Controllers/OrderController/orderController.go:89.9,92.4 2 0
github.com/E-Furqan/Food-Delivery-System/Controllers/OrderController/orderController.go:94.20,96.31 1 0
github.com/E-Furqan/Food-Delivery-System/Controllers/OrderController/orderController.go:96.31,99.4 2 0
github.com/E-Furqan/Food-Delivery-System/Controllers/OrderController/orderController.go:101.3,101.85 1 0
github.com/E-Furqan/Food-Delivery-System/Controllers/OrderController/orderController.go:101.85,103.4 1 0
github.com/E-Furqan/Food-Delivery-System/Controllers/OrderController/orderController.go:103.9,106.4 2 0
github.com/E-Furqan/Food-Delivery-System/Controllers/OrderController/orderController.go:108.25,110.35 1 0
github.com/E-Furqan/Food-Delivery-System/Controllers/OrderController/orderController.go:110.35,113.4 2 0
github.com/E-Furqan/Food-Delivery-System/Controllers/OrderController/orderController.go:115.3,115.90 1 0
github.com/E-Furqan/Food-Delivery-System/Controllers/OrderController/orderController.go:115.90,117.4 1 0
github.com/E-Furqan/Food-Delivery-System/Controllers/OrderController/orderController.go:117.9,120.4 2 0
github.com/E-Furqan/Food-Delivery-System/Controllers/OrderController/orderController.go:122.10,124.9 2 0
github.com/E-Furqan/Food-Delivery-System/Controllers/OrderController/orderController.go:127.2,127.54 1 0
github.com/E-Furqan/Food-Delivery-System/Controllers/OrderController/orderController.go:127.54,130.3 2 0
github.com/E-Furqan/Food-Delivery-System/Controllers/OrderController/orderController.go:132.2,132.30 1 0
github.com/E-Furqan/Food-Delivery-System/Controllers/OrderController/orderController.go:147.72,149.13 2 0
github.com/E-Furqan/Food-Delivery-System/Controllers/OrderController/orderController.go:149.13,152.3 2 0
github.com/E-Furqan/Food-Delivery-System/Controllers/OrderController/orderController.go:153.2,156.16 3 0
github.com/E-Furqan/Food-Delivery-System/Controllers/OrderController/orderController.go:156.16,158.3 1 0
github.com/E-Furqan/Food-Delivery-System/Controllers/OrderController/orderController.go:160.2,161.51 2 0
github.com/E-Furqan/Food-Delivery-System/Controllers/OrderController/orderController.go:161.51,164.3 2 0
github.com/E-Furqan/Food-Delivery-System/Controllers/OrderController/orderController.go:166.2,166.57 1 0
github.com/E-Furqan/Food-Delivery-System/Controllers/OrderController/orderController.go:166.57,169.3 2 0
github.com/E-Furqan/Food-Delivery-System/Controllers/OrderController/orderController.go:171.2,174.16 3 0
github.com/E-Furqan/Food-Delivery-System/Controllers/OrderController/orderController.go:174.16,177.3 2 0
github.com/E-Furqan/Food-Delivery-System/Controllers/OrderController/orderController.go:179.2,179.33 1 0
github.com/E-Furqan/Food-Delivery-System/Controllers/OrderController/orderController.go:179.33,182.3 2 0
github.com/E-Furqan/Food-Delivery-System/Controllers/OrderController/orderController.go:183.2,184.54 2 0
github.com/E-Furqan/Food-Delivery-System/Controllers/OrderController/orderController.go:184.54,187.3 2 0
github.com/E-Furqan/Food-Delivery-System/Controllers/OrderController/orderController.go:189.2,189.30 1 0
github.com/E-Furqan/Food-Delivery-System/Controllers/OrderController/orderController.go:204.61,207.16 2 0
github.com/E-Furqan/Food-Delivery-System/Controllers/OrderController/orderController.go:207.16,209.3 1 0
github.com/E-Furqan/Food-Delivery-System/Controllers/OrderController/orderController.go:211.2,212.13 2 0
github.com/E-Furqan/Food-Delivery-System/Controllers/OrderController/orderController.go:212.13,215.3 2 0
github.com/E-Furqan/Food-Delivery-System/Controllers/OrderController/orderController.go:217.2,219.50 3 0
github.com/E-Furqan/Food-Delivery-System/Controllers/OrderController/orderController.go:219.50,222.3 2 0
github.com/E-Furqan/Food-Delivery-System/Controllers/OrderController/orderController.go:224.2,226.48 2 0
github.com/E-Furqan/Food-Delivery-System/Controllers/OrderController/orderController.go:226.48,229.3 1 0
github.com/E-Furqan/Food-Delivery-System/Controllers/OrderController/orderController.go:229.8,229.57 1 0
github.com/E-Furqan/Food-Delivery-System/Controllers/OrderController/orderController.go:229.57,232.3 1 0
github.com/E-Furqan/Food-Delivery-System/Controllers/OrderController/orderController.go:232.8,232.53 1 0
github.com/E-Furqan/Food-Delivery-System/Controllers/OrderController/orderController.go:232.53,234.3 1 0
github.com/E-Furqan/Food-Delivery-System/Controllers/OrderController/orderController.go:236.2,236.16 1 0
github.com/E-Furqan/Food-Delivery-System/Controllers/OrderController/orderController.go:236.16,239.3 2 0
github.com/E-Furqan/Food-Delivery-System/Controllers/OrderController/orderController.go:241.2,241.30 1 0
github.com/E-Furqan/Food-Delivery-System/Controllers/OrderController/orderController.go:255.62,258.16 2 0
github.com/E-Furqan/Food-Delivery-System/Controllers/OrderController/orderController.go:258.16,260.3 1 0
github.com/E-Furqan/Food-Delivery-System/Controllers/OrderController/orderController.go:262.2,262.48 1 0
github.com/E-Furqan/Food-Delivery-System/Controllers/OrderController/orderController.go:262.48,265.3 2 0
github.com/E-Furqan/Food-Delivery-System/Controllers/OrderController/orderController.go:267.2,268.60 2 0
github.com/E-Furqan/Food-Delivery-System/Controllers/OrderController/orderController.go:268.60,270.3 1 0
github.com/E-Furqan/Food-Delivery-System/Controllers/OrderController/orderController.go:272.2,279.16 7 0
github.com/E-Furqan/Food-Delivery-System/Controllers/OrderController/orderController.go:279.16,282.3 2 0
github.com/E-Furqan/Food-Delivery-System/Controllers/OrderController/orderController.go:284.2,284.21 1 0
github.com/E-Furqan/Food-Delivery-System/Controllers/OrderController/orderController.go:284.21,287.3 2 0
github.com/E-Furqan/Food-Delivery-System/Controllers/OrderController/orderController.go:289.2,290.16 2 0
github.com/E-Furqan/Food-Delivery-System/Controllers/OrderController/orderController.go:290.16,293.3 2 0
github.com/E-Furqan/Food-Delivery-System/Controllers/OrderController/orderController.go:294.2,297.16 3 0
github.com/E-Furqan/Food-Delivery-System/Controllers/OrderController/orderController.go:297.16,300.3 2 0
github.com/E-Furqan/Food-Delivery-System/Controllers/OrderController/orderController.go:301.2,301.167 1 0
github.com/E-Furqan/Food-Delivery-System/Controllers/OrderController/orderController.go:315.68,318.51 2 0
github.com/E-Furqan/Food-Delivery-System/Controllers/OrderController/orderController.go:318.51,321.3 2 0
github.com/E-Furqan/Food-Delivery-System/Controllers/OrderController/orderController.go:322.2,324.16 3 0
github.com/E-Furqan/Food-Delivery-System/Controllers/OrderController/orderController.go:324.16,327.3 2 0
github.com/E-Furqan/Food-Delivery-System/Controllers/OrderController/orderController.go:329.2,329.30 1 0
github.com/E-Furqan/Food-Delivery-System/Controllers/OrderController/orderController.go:342.74,345.16 2 0
github.com/E-Furqan/Food-Delivery-System/Controllers/OrderController/orderController.go:345.16,347.3 1 0
github.com/E-Furqan/Food-Delivery-System/Controllers/OrderController/orderController.go:349.2,349.102 1 0
github.com/E-Furqan/Food-Delivery-System/Controllers/OrderController/orderController.go:349.102,352.3 2 0
github.com/E-Furqan/Food-Delivery-System/Controllers/OrderController/orderController.go:354.2,356.16 3 0
github.com/E-Furqan/Food-Delivery-System/Controllers/OrderController/orderController.go:356.16,359.3 2 0
github.com/E-Furqan/Food-Delivery-System/Controllers/OrderController/orderController.go:361.2,361.30 1 0
github.com/E-Furqan/Food-Delivery-System/Controllers/OrderController/orderController.go:377.67,380.13 2 0
github.com/E-Furqan/Food-Delivery-System/Controllers/OrderController/orderController.go:380.13,383.3 2 0
github.com/E-Furqan/Food-Delivery-System/Controllers/OrderController/orderController.go:385.2,386.51 2 0
github.com/E-Furqan/Food-Delivery-System/Controllers/OrderController/orderController.go:386.51,389.3 2 0
github.com/E-Furqan/Food-Delivery-System/Controllers/OrderController/orderController.go:391.2,392.73 2 0
github.com/E-Furqan/Food-Delivery-System/Controllers/OrderController/orderController.go:392.73,395.3 2 0
github.com/E-Furqan/Food-Delivery-System/Controllers/OrderController/orderController.go:397.2,397.28 1 0
github.com/E-Furqan/Food-Delivery-System/Controllers/OrderController/orderController.go:397.28,400.3 2 0
github.com/E-Furqan/Food-Delivery-System/Controllers/OrderController/orderController.go:402.2,409.16 7 0
github.com/E-Furqan/Food-Delivery-System/Controllers/OrderController/orderController.go:409.16,412.3 2 0
github.com/E-Furqan/Food-Delivery-System/Controllers/OrderController/orderController.go:414.2,415.83 2 0
github.com/E-Furqan/Food-Delivery-System/Controllers/OrderController/orderController.go:415.83,418.3 2 0
github.com/E-Furqan/Food-Delivery-System/Controllers/OrderController/orderController.go:419.2,422.50 3 0
github.com/E-Furqan/Food-Delivery-System/EnviormentVariable/env.go:12.54,17.16 3 0
github.com/E-Furqan/Food-Delivery-System/EnviormentVariable/env.go:17.16,19.3 1 0
github.com/E-Furqan/Food-Delivery-System/EnviormentVariable/env.go:21.2,27.16 7 0
github.com/E-Furqan/Food-Delivery-System/EnviormentVariable/env.go:27.16,30.3 2 0
github.com/E-Furqan/Food-Delivery-System/EnviormentVariable/env.go:31.2,31.15 1 0
github.com/E-Furqan/Food-Delivery-System/EnviormentVariable/env.go:34.58,38.16 3 0
github.com/E-Furqan/Food-Delivery-System/EnviormentVariable/env.go:38.16,40.3 1 0
github.com/E-Furqan/Food-Delivery-System/EnviormentVariable/env.go:42.2,46.15 4 0
github.com/E-Furqan/Food-Delivery-System/EnviormentVariable/env.go:49.46,53.16 3 0
github.com/E-Furqan/Food-Delivery-System/EnviormentVariable/env.go:53.16,55.3 1 0
github.com/E-Furqan/Food-Delivery-System/EnviormentVariable/env.go:56.2,58.15 3 0
github.com/E-Furqan/Food-Delivery-System/docs/docs.go:672.13,674.2 1 0
github.com/E-Furqan/Food-Delivery-System/Utils/utils.go:12.125,17.34 2 0
github.com/E-Furqan/Food-Delivery-System/Utils/utils.go:17.34,19.3 1 0
github.com/E-Furqan/Food-Delivery-System/Utils/utils.go:21.2,21.34 1 0
github.com/E-Furqan/Food-Delivery-System/Utils/utils.go:24.51,25.42 1 0
github.com/E-Furqan/Food-Delivery-System/Utils/utils.go:25.42,27.3 1 0
github.com/E-Furqan/Food-Delivery-System/Utils/utils.go:28.2,28.19 1 0
github.com/E-Furqan/Food-Delivery-System/Utils/utils.go:31.96,35.39 3 0
github.com/E-Furqan/Food-Delivery-System/Utils/utils.go:35.39,36.30 1 0
github.com/E-Furqan/Food-Delivery-System/Utils/utils.go:36.30,37.39 1 0
github.com/E-Furqan/Food-Delivery-System/Utils/utils.go:37.39,45.5 1 0
github.com/E-Furqan/Food-Delivery-System/Utils/utils.go:50.2,57.3 1 0
github.com/E-Furqan/Food-Delivery-System/Utils/utils.go:59.77,66.2 1 0
github.com/E-Furqan/Food-Delivery-System/Utils/utils.go:68.99,71.53 2 0
github.com/E-Furqan/Food-Delivery-System/Utils/utils.go:71.53,75.30 3 0
github.com/E-Furqan/Food-Delivery-System/Utils/utils.go:75.30,76.41 1 0
github.com/E-Furqan/Food-Delivery-System/Utils/utils.go:76.41,79.10 3 0
github.com/E-Furqan/Food-Delivery-System/Utils/utils.go:83.3,83.17 1 0
github.com/E-Furqan/Food-Delivery-System/Utils/utils.go:83.17,84.12 1 0
github.com/E-Furqan/Food-Delivery-System/Utils/utils.go:87.3,87.57 1 0
github.com/E-Furqan/Food-Delivery-System/Utils/utils.go:89.2,89.20 1 0
github.com/E-Furqan/Food-Delivery-System/Utils/utils.go:89.20,91.3 1 0
github.com/E-Furqan/Food-Delivery-System/Utils/utils.go:92.2,92.23 1 0
github.com/E-Furqan/Food-Delivery-System/Utils/utils.go:95.49,97.13 2 0
github.com/E-Furqan/Food-Delivery-System/Utils/utils.go:97.13,99.3 1 0
github.com/E-Furqan/Food-Delivery-System/Utils/utils.go:101.2,102.9 2 0
github.com/E-Furqan/Food-Delivery-System/Utils/utils.go:102.9,104.3 1 0
github.com/E-Furqan/Food-Delivery-System/Utils/utils.go:105.2,105.27 1 0
github.com/E-Furqan/Food-Delivery-System/Utils/utils.go:108.55,109.95 1 0
github.com/E-Furqan/Food-Delivery-System/Utils/utils.go:109.95,111.3 1 0
github.com/E-Furqan/Food-Delivery-System/Utils/utils.go:111.8,113.3 1 0
github.com/E-Furqan/Food-Delivery-System/Utils/utils.go:116.57,117.97 1 0
github.com/E-Furqan/Food-Delivery-System/Utils/utils.go:117.97,119.3 1 0
github.com/E-Furqan/Food-Delivery-System/Utils/utils.go:119.8,121.3 1 0
github.com/E-Furqan/Food-Delivery-System/Utils/utils.go:124.53,125.102 1 0
github.com/E-Furqan/Food-Delivery-System/Utils/utils.go:125.102,127.3 1 0
github.com/E-Furqan/Food-Delivery-System/Utils/utils.go:127.8,129.3 1 0
github.com/E-Furqan/Food-Delivery-System/Routes/routes.go:12.121,18.2 4 0
github.com/E-Furqan/Food-Delivery-System/Routes/routes.go:18.2,29.3 7 0
github.com/E-Furqan/Food-Delivery-System/EnviormentVariable/env.go:12.54,17.16 3 1
github.com/E-Furqan/Food-Delivery-System/EnviormentVariable/env.go:17.16,19.3 1 1
github.com/E-Furqan/Food-Delivery-System/EnviormentVariable/env.go:21.2,27.16 7 1
github.com/E-Furqan/Food-Delivery-System/EnviormentVariable/env.go:27.16,30.3 2 0
github.com/E-Furqan/Food-Delivery-System/EnviormentVariable/env.go:31.2,31.15 1 1
github.com/E-Furqan/Food-Delivery-System/EnviormentVariable/env.go:34.58,38.16 3 0
github.com/E-Furqan/Food-Delivery-System/EnviormentVariable/env.go:38.16,40.3 1 0
github.com/E-Furqan/Food-Delivery-System/EnviormentVariable/env.go:42.2,46.15 4 0
github.com/E-Furqan/Food-Delivery-System/EnviormentVariable/env.go:49.46,53.16 3 0
github.com/E-Furqan/Food-Delivery-System/EnviormentVariable/env.go:53.16,55.3 1 0
github.com/E-Furqan/Food-Delivery-System/EnviormentVariable/env.go:56.2,58.15 3 0
github.com/E-Furqan/Food-Delivery-System/Models/MapperModel.go:3.57,18.2 1 0
github.com/E-Furqan/Food-Delivery-System/Repositories/database.go:16.45,20.2 1 0
github.com/E-Furqan/Food-Delivery-System/Repositories/database.go:22.130,24.47 1 1
github.com/E-Furqan/Food-Delivery-System/Repositories/database.go:24.47,26.3 1 1
github.com/E-Furqan/Food-Delivery-System/Repositories/database.go:28.2,35.31 2 1
github.com/E-Furqan/Food-Delivery-System/Repositories/database.go:35.31,37.3 1 1
github.com/E-Furqan/Food-Delivery-System/Repositories/database.go:39.2,39.33 1 1
github.com/E-Furqan/Food-Delivery-System/Repositories/database.go:39.33,41.3 1 1
github.com/E-Furqan/Food-Delivery-System/Repositories/database.go:43.2,45.16 3 1
github.com/E-Furqan/Food-Delivery-System/Repositories/database.go:45.16,48.3 2 0
github.com/E-Furqan/Food-Delivery-System/Repositories/database.go:50.2,50.42 1 1
github.com/E-Furqan/Food-Delivery-System/Repositories/database.go:50.42,52.3 1 0
github.com/E-Furqan/Food-Delivery-System/Repositories/database.go:54.2,54.12 1 1
github.com/E-Furqan/Food-Delivery-System/Repositories/database.go:57.74,63.16 6 1
github.com/E-Furqan/Food-Delivery-System/Repositories/database.go:63.16,66.3 2 1
github.com/E-Furqan/Food-Delivery-System/Repositories/database.go:68.2,68.42 1 1
github.com/E-Furqan/Food-Delivery-System/Repositories/database.go:68.42,70.3 1 0
github.com/E-Furqan/Food-Delivery-System/Repositories/database.go:72.2,72.12 1 1
github.com/E-Furqan/Food-Delivery-System/Repositories/database.go:75.74,78.16 3 1
github.com/E-Furqan/Food-Delivery-System/Repositories/database.go:78.16,81.3 2 0
github.com/E-Furqan/Food-Delivery-System/Repositories/database.go:83.2,83.42 1 1
github.com/E-Furqan/Food-Delivery-System/Repositories/database.go:83.42,85.3 1 0
github.com/E-Furqan/Food-Delivery-System/Repositories/database.go:87.2,87.12 1 1
github.com/E-Furqan/Food-Delivery-System/Repositories/database.go:90.90,93.16 3 1
github.com/E-Furqan/Food-Delivery-System/Repositories/database.go:93.16,96.3 2 0
github.com/E-Furqan/Food-Delivery-System/Repositories/database.go:98.2,98.42 1 1
github.com/E-Furqan/Food-Delivery-System/Repositories/database.go:98.42,100.3 1 0
github.com/E-Furqan/Food-Delivery-System/Repositories/database.go:102.2,102.12 1 1
github.com/E-Furqan/Food-Delivery-System/Repositories/database.go:105.74,108.16 3 1
github.com/E-Furqan/Food-Delivery-System/Repositories/database.go:108.16,111.3 2 0
github.com/E-Furqan/Food-Delivery-System/Repositories/database.go:113.2,113.42 1 1
github.com/E-Furqan/Food-Delivery-System/Repositories/database.go:113.42,115.3 1 0
github.com/E-Furqan/Food-Delivery-System/Repositories/database.go:117.2,117.12 1 1
github.com/E-Furqan/Food-Delivery-System/Repositories/database.go:120.58,124.30 3 1
github.com/E-Furqan/Food-Delivery-System/Repositories/database.go:124.30,127.3 2 0
github.com/E-Furqan/Food-Delivery-System/Repositories/database.go:129.2,129.25 1 1
github.com/E-Furqan/Food-Delivery-System/Repositories/database.go:129.25,132.3 2 0
github.com/E-Furqan/Food-Delivery-System/Repositories/database.go:134.2,134.42 1 1
github.com/E-Furqan/Food-Delivery-System/Repositories/database.go:134.42,136.3 1 0
github.com/E-Furqan/Food-Delivery-System/Repositories/database.go:138.2,138.12 1 1
github.com/E-Furqan/Food-Delivery-System/Repositories/database.go:141.104,144.48 2 1
github.com/E-Furqan/Food-Delivery-System/Repositories/database.go:144.48,147.3 2 0
github.com/E-Furqan/Food-Delivery-System/Repositories/database.go:149.2,149.53 1 1
github.com/E-Furqan/Food-Delivery-System/Repositories/database.go:149.53,151.96 2 1
github.com/E-Furqan/Food-Delivery-System/Repositories/database.go:151.96,152.37 1 1
github.com/E-Furqan/Food-Delivery-System/Repositories/database.go:152.37,157.53 2 1
github.com/E-Furqan/Food-Delivery-System/Repositories/database.go:157.53,160.6 2 0
github.com/E-Furqan/Food-Delivery-System/Repositories/database.go:161.5,161.27 1 1
github.com/E-Furqan/Food-Delivery-System/Repositories/database.go:162.10,165.5 2 0
github.com/E-Furqan/Food-Delivery-System/Repositories/database.go:168.3,174.53 2 1
github.com/E-Furqan/Food-Delivery-System/Repositories/database.go:174.53,177.4 2 0
github.com/E-Furqan/Food-Delivery-System/Repositories/database.go:180.2,180.42 1 1
github.com/E-Furqan/Food-Delivery-System/Repositories/database.go:180.42,182.3 1 0
github.com/E-Furqan/Food-Delivery-System/Repositories/database.go:184.2,184.12 1 1
github.com/E-Furqan/Food-Delivery-System/Repositories/database.go:187.68,190.16 3 1
github.com/E-Furqan/Food-Delivery-System/Repositories/database.go:190.16,193.3 2 0
github.com/E-Furqan/Food-Delivery-System/Repositories/database.go:195.2,195.42 1 1
github.com/E-Furqan/Food-Delivery-System/Repositories/database.go:195.42,197.3 1 0
github.com/E-Furqan/Food-Delivery-System/Repositories/database.go:199.2,199.12 1 1
github.com/E-Furqan/Food-Delivery-System/Repositories/TestDatabase/ConfigTestDatabase.go:16.40,20.16 3 1
github.com/E-Furqan/Food-Delivery-System/Repositories/TestDatabase/ConfigTestDatabase.go:20.16,22.3 1 1
github.com/E-Furqan/Food-Delivery-System/Repositories/TestDatabase/ConfigTestDatabase.go:24.2,28.16 3 1
github.com/E-Furqan/Food-Delivery-System/Repositories/TestDatabase/ConfigTestDatabase.go:28.16,30.3 1 0
github.com/E-Furqan/Food-Delivery-System/Repositories/TestDatabase/ConfigTestDatabase.go:32.2,33.16 2 1
github.com/E-Furqan/Food-Delivery-System/Repositories/TestDatabase/ConfigTestDatabase.go:33.16,35.3 1 0
github.com/E-Furqan/Food-Delivery-System/Repositories/TestDatabase/ConfigTestDatabase.go:37.2,38.16 2 1
github.com/E-Furqan/Food-Delivery-System/Repositories/TestDatabase/ConfigTestDatabase.go:38.16,40.3 1 0
github.com/E-Furqan/Food-Delivery-System/Repositories/TestDatabase/ConfigTestDatabase.go:42.2,43.16 2 1
github.com/E-Furqan/Food-Delivery-System/Repositories/TestDatabase/ConfigTestDatabase.go:43.16,45.3 1 0
github.com/E-Furqan/Food-Delivery-System/Repositories/TestDatabase/ConfigTestDatabase.go:47.2,49.11 2 1
github.com/E-Furqan/Food-Delivery-System/Utils/utils.go:12.125,17.34 2 0
github.com/E-Furqan/Food-Delivery-System/Utils/utils.go:17.34,19.3 1 0
github.com/E-Furqan/Food-Delivery-System/Utils/utils.go:21.2,21.34 1 0
github.com/E-Furqan/Food-Delivery-System/Utils/utils.go:24.51,25.42 1 1
github.com/E-Furqan/Food-Delivery-System/Utils/utils.go:25.42,27.3 1 0
github.com/E-Furqan/Food-Delivery-System/Utils/utils.go:28.2,28.19 1 1
github.com/E-Furqan/Food-Delivery-System/Utils/utils.go:31.96,35.39 3 0
github.com/E-Furqan/Food-Delivery-System/Utils/utils.go:35.39,36.30 1 0
github.com/E-Furqan/Food-Delivery-System/Utils/utils.go:36.30,37.39 1 0
github.com/E-Furqan/Food-Delivery-System/Utils/utils.go:37.39,45.5 1 0
github.com/E-Furqan/Food-Delivery-System/Utils/utils.go:50.2,57.3 1 0
github.com/E-Furqan/Food-Delivery-System/Utils/utils.go:59.77,66.2 1 0
github.com/E-Furqan/Food-Delivery-System/Utils/utils.go:68.99,71.53 2 0
github.com/E-Furqan/Food-Delivery-System/Utils/utils.go:71.53,75.30 3 0
github.com/E-Furqan/Food-Delivery-System/Utils/utils.go:75.30,76.41 1 0
github.com/E-Furqan/Food-Delivery-System/Utils/utils.go:76.41,79.10 3 0
github.com/E-Furqan/Food-Delivery-System/Utils/utils.go:83.3,83.17 1 0
github.com/E-Furqan/Food-Delivery-System/Utils/utils.go:83.17,84.12 1 0
github.com/E-Furqan/Food-Delivery-System/Utils/utils.go:87.3,87.57 1 0
github.com/E-Furqan/Food-Delivery-System/Utils/utils.go:89.2,89.20 1 0
github.com/E-Furqan/Food-Delivery-System/Utils/utils.go:89.20,91.3 1 0
github.com/E-Furqan/Food-Delivery-System/Utils/utils.go:92.2,92.23 1 0
github.com/E-Furqan/Food-Delivery-System/Utils/utils.go:95.49,97.13 2 0
github.com/E-Furqan/Food-Delivery-System/Utils/utils.go:97.13,99.3 1 0
github.com/E-Furqan/Food-Delivery-System/Utils/utils.go:101.2,102.9 2 0
github.com/E-Furqan/Food-Delivery-System/Utils/utils.go:102.9,104.3 1 0
github.com/E-Furqan/Food-Delivery-System/Utils/utils.go:105.2,105.27 1 0
github.com/E-Furqan/Food-Delivery-System/Utils/utils.go:108.55,109.95 1 0
github.com/E-Furqan/Food-Delivery-System/Utils/utils.go:109.95,111.3 1 0
github.com/E-Furqan/Food-Delivery-System/Utils/utils.go:111.8,113.3 1 0
github.com/E-Furqan/Food-Delivery-System/Utils/utils.go:116.57,117.97 1 0
github.com/E-Furqan/Food-Delivery-System/Utils/utils.go:117.97,119.3 1 0
github.com/E-Furqan/Food-Delivery-System/Utils/utils.go:119.8,121.3 1 0
github.com/E-Furqan/Food-Delivery-System/Utils/utils.go:124.53,125.102 1 0
github.com/E-Furqan/Food-Delivery-System/Utils/utils.go:125.102,127.3 1 0
github.com/E-Furqan/Food-Delivery-System/Utils/utils.go:127.8,129.3 1 0
