mode: set
github.com/E-Furqan/Food-Delivery-System/main.go:16.13,36.2 15 0
github.com/E-Furqan/Food-Delivery-System/Controllers/ItemController/ItemController.go:16.63,18.2 1 0
github.com/E-Furqan/Food-Delivery-System/Controllers/ItemController/ItemController.go:20.70,24.16 2 0
github.com/E-Furqan/Food-Delivery-System/Controllers/ItemController/ItemController.go:24.16,27.3 2 0
github.com/E-Furqan/Food-Delivery-System/Controllers/ItemController/ItemController.go:28.2,30.16 3 0
github.com/E-Furqan/Food-Delivery-System/Controllers/ItemController/ItemController.go:30.16,33.3 2 0
github.com/E-Furqan/Food-Delivery-System/Controllers/ItemController/ItemController.go:35.2,37.54 2 0
github.com/E-Furqan/Food-Delivery-System/Controllers/ItemController/ItemController.go:37.54,40.3 2 0
github.com/E-Furqan/Food-Delivery-System/Controllers/ItemController/ItemController.go:41.2,42.80 2 0
github.com/E-Furqan/Food-Delivery-System/Controllers/ItemController/ItemController.go:42.80,45.3 2 0
github.com/E-Furqan/Food-Delivery-System/Controllers/ItemController/ItemController.go:47.2,47.76 1 0
github.com/E-Furqan/Food-Delivery-System/Controllers/ItemController/ItemController.go:50.75,54.16 2 0
github.com/E-Furqan/Food-Delivery-System/Controllers/ItemController/ItemController.go:54.16,57.3 2 0
github.com/E-Furqan/Food-Delivery-System/Controllers/ItemController/ItemController.go:59.2,61.16 3 0
github.com/E-Furqan/Food-Delivery-System/Controllers/ItemController/ItemController.go:61.16,64.3 2 0
github.com/E-Furqan/Food-Delivery-System/Controllers/ItemController/ItemController.go:66.2,68.55 2 0
github.com/E-Furqan/Food-Delivery-System/Controllers/ItemController/ItemController.go:68.55,71.3 2 0
github.com/E-Furqan/Food-Delivery-System/Controllers/ItemController/ItemController.go:73.2,73.100 1 0
github.com/E-Furqan/Food-Delivery-System/Controllers/ItemController/ItemController.go:73.100,76.3 2 0
github.com/E-Furqan/Food-Delivery-System/Controllers/ItemController/ItemController.go:78.2,78.82 1 0
github.com/E-Furqan/Food-Delivery-System/Client/OrderClient/orderClient.go:16.55,20.2 1 0
github.com/E-Furqan/Food-Delivery-System/Client/OrderClient/orderClient.go:22.97,25.16 2 0
github.com/E-Furqan/Food-Delivery-System/Client/OrderClient/orderClient.go:25.16,27.3 1 0
github.com/E-Furqan/Food-Delivery-System/Client/OrderClient/orderClient.go:29.2,31.16 3 0
github.com/E-Furqan/Food-Delivery-System/Client/OrderClient/orderClient.go:31.16,33.3 1 0
github.com/E-Furqan/Food-Delivery-System/Client/OrderClient/orderClient.go:35.2,39.16 4 0
github.com/E-Furqan/Food-Delivery-System/Client/OrderClient/orderClient.go:39.16,41.3 1 0
github.com/E-Furqan/Food-Delivery-System/Client/OrderClient/orderClient.go:42.2,44.38 2 0
github.com/E-Furqan/Food-Delivery-System/Client/OrderClient/orderClient.go:44.38,46.3 1 0
github.com/E-Furqan/Food-Delivery-System/Client/OrderClient/orderClient.go:48.2,48.12 1 0
github.com/E-Furqan/Food-Delivery-System/Client/OrderClient/orderClient.go:51.118,54.16 2 0
github.com/E-Furqan/Food-Delivery-System/Client/OrderClient/orderClient.go:54.16,56.3 1 0
github.com/E-Furqan/Food-Delivery-System/Client/OrderClient/orderClient.go:58.2,60.16 3 0
github.com/E-Furqan/Food-Delivery-System/Client/OrderClient/orderClient.go:60.16,62.3 1 0
github.com/E-Furqan/Food-Delivery-System/Client/OrderClient/orderClient.go:64.2,68.16 4 0
github.com/E-Furqan/Food-Delivery-System/Client/OrderClient/orderClient.go:68.16,70.3 1 0
github.com/E-Furqan/Food-Delivery-System/Client/OrderClient/orderClient.go:71.2,73.38 2 0
github.com/E-Furqan/Food-Delivery-System/Client/OrderClient/orderClient.go:73.38,75.3 1 0
github.com/E-Furqan/Food-Delivery-System/Client/OrderClient/orderClient.go:77.2,78.67 2 0
github.com/E-Furqan/Food-Delivery-System/Client/OrderClient/orderClient.go:78.67,80.3 1 0
github.com/E-Furqan/Food-Delivery-System/Client/OrderClient/orderClient.go:82.2,82.21 1 0
github.com/E-Furqan/Food-Delivery-System/Client/OrderClient/orderClient.go:85.120,88.16 2 0
github.com/E-Furqan/Food-Delivery-System/Client/OrderClient/orderClient.go:88.16,90.3 1 0
github.com/E-Furqan/Food-Delivery-System/Client/OrderClient/orderClient.go:92.2,94.16 3 0
github.com/E-Furqan/Food-Delivery-System/Client/OrderClient/orderClient.go:94.16,96.3 1 0
github.com/E-Furqan/Food-Delivery-System/Client/OrderClient/orderClient.go:98.2,102.16 4 0
github.com/E-Furqan/Food-Delivery-System/Client/OrderClient/orderClient.go:102.16,104.3 1 0
github.com/E-Furqan/Food-Delivery-System/Client/OrderClient/orderClient.go:105.2,107.38 2 0
github.com/E-Furqan/Food-Delivery-System/Client/OrderClient/orderClient.go:107.38,109.3 1 0
github.com/E-Furqan/Food-Delivery-System/Client/OrderClient/orderClient.go:111.2,112.67 2 0
github.com/E-Furqan/Food-Delivery-System/Client/OrderClient/orderClient.go:112.67,114.3 1 0
github.com/E-Furqan/Food-Delivery-System/Client/OrderClient/orderClient.go:116.2,116.21 1 0
github.com/E-Furqan/Food-Delivery-System/Client/AuthClient/authClient.go:16.53,20.2 1 0
github.com/E-Furqan/Food-Delivery-System/Client/AuthClient/authClient.go:22.93,25.16 2 0
github.com/E-Furqan/Food-Delivery-System/Client/AuthClient/authClient.go:25.16,27.3 1 0
github.com/E-Furqan/Food-Delivery-System/Client/AuthClient/authClient.go:29.2,31.16 3 0
github.com/E-Furqan/Food-Delivery-System/Client/AuthClient/authClient.go:31.16,33.3 1 0
github.com/E-Furqan/Food-Delivery-System/Client/AuthClient/authClient.go:34.2,37.16 3 0
github.com/E-Furqan/Food-Delivery-System/Client/AuthClient/authClient.go:37.16,39.3 1 0
github.com/E-Furqan/Food-Delivery-System/Client/AuthClient/authClient.go:40.2,42.38 2 0
github.com/E-Furqan/Food-Delivery-System/Client/AuthClient/authClient.go:42.38,44.3 1 0
github.com/E-Furqan/Food-Delivery-System/Client/AuthClient/authClient.go:46.2,47.67 2 0
github.com/E-Furqan/Food-Delivery-System/Client/AuthClient/authClient.go:47.67,49.3 1 0
github.com/E-Furqan/Food-Delivery-System/Client/AuthClient/authClient.go:51.2,51.21 1 0
github.com/E-Furqan/Food-Delivery-System/Client/AuthClient/authClient.go:54.89,57.16 2 0
github.com/E-Furqan/Food-Delivery-System/Client/AuthClient/authClient.go:57.16,59.3 1 0
github.com/E-Furqan/Food-Delivery-System/Client/AuthClient/authClient.go:60.2,63.16 3 0
github.com/E-Furqan/Food-Delivery-System/Client/AuthClient/authClient.go:63.16,65.3 1 0
github.com/E-Furqan/Food-Delivery-System/Client/AuthClient/authClient.go:66.2,69.16 3 0
github.com/E-Furqan/Food-Delivery-System/Client/AuthClient/authClient.go:69.16,71.3 1 0
github.com/E-Furqan/Food-Delivery-System/Client/AuthClient/authClient.go:72.2,74.38 2 0
github.com/E-Furqan/Food-Delivery-System/Client/AuthClient/authClient.go:74.38,76.3 1 0
github.com/E-Furqan/Food-Delivery-System/Client/AuthClient/authClient.go:78.2,79.67 2 0
github.com/E-Furqan/Food-Delivery-System/Client/AuthClient/authClient.go:79.67,81.3 1 0
github.com/E-Furqan/Food-Delivery-System/Client/AuthClient/authClient.go:83.2,83.21 1 0
github.com/E-Furqan/Food-Delivery-System/Controllers/RestaurantController/restaurantController.go:21.142,27.2 1 0
github.com/E-Furqan/Food-Delivery-System/Controllers/RestaurantController/restaurantController.go:29.60,33.60 2 0
github.com/E-Furqan/Food-Delivery-System/Controllers/RestaurantController/restaurantController.go:33.60,36.3 2 0
github.com/E-Furqan/Food-Delivery-System/Controllers/RestaurantController/restaurantController.go:38.2,39.16 2 0
github.com/E-Furqan/Food-Delivery-System/Controllers/RestaurantController/restaurantController.go:39.16,42.3 2 0
github.com/E-Furqan/Food-Delivery-System/Controllers/RestaurantController/restaurantController.go:44.2,44.46 1 0
github.com/E-Furqan/Food-Delivery-System/Controllers/RestaurantController/restaurantController.go:47.57,50.49 2 0
github.com/E-Furqan/Food-Delivery-System/Controllers/RestaurantController/restaurantController.go:50.49,53.3 2 0
github.com/E-Furqan/Food-Delivery-System/Controllers/RestaurantController/restaurantController.go:55.2,57.16 3 0
github.com/E-Furqan/Food-Delivery-System/Controllers/RestaurantController/restaurantController.go:57.16,60.3 2 0
github.com/E-Furqan/Food-Delivery-System/Controllers/RestaurantController/restaurantController.go:62.2,62.43 1 0
github.com/E-Furqan/Food-Delivery-System/Controllers/RestaurantController/restaurantController.go:62.43,65.3 2 0
github.com/E-Furqan/Food-Delivery-System/Controllers/RestaurantController/restaurantController.go:67.2,72.16 5 0
github.com/E-Furqan/Food-Delivery-System/Controllers/RestaurantController/restaurantController.go:72.16,75.3 2 0
github.com/E-Furqan/Food-Delivery-System/Controllers/RestaurantController/restaurantController.go:77.2,81.4 1 0
github.com/E-Furqan/Food-Delivery-System/Controllers/RestaurantController/restaurantController.go:84.69,88.66 2 0
github.com/E-Furqan/Food-Delivery-System/Controllers/RestaurantController/restaurantController.go:88.66,90.3 1 0
github.com/E-Furqan/Food-Delivery-System/Controllers/RestaurantController/restaurantController.go:92.2,92.36 1 0
github.com/E-Furqan/Food-Delivery-System/Controllers/RestaurantController/restaurantController.go:95.74,97.16 2 0
github.com/E-Furqan/Food-Delivery-System/Controllers/RestaurantController/restaurantController.go:97.16,100.3 2 0
github.com/E-Furqan/Food-Delivery-System/Controllers/RestaurantController/restaurantController.go:102.2,104.16 3 0
github.com/E-Furqan/Food-Delivery-System/Controllers/RestaurantController/restaurantController.go:104.16,107.3 2 0
github.com/E-Furqan/Food-Delivery-System/Controllers/RestaurantController/restaurantController.go:109.2,111.48 2 0
github.com/E-Furqan/Food-Delivery-System/Controllers/RestaurantController/restaurantController.go:111.48,114.3 2 0
github.com/E-Furqan/Food-Delivery-System/Controllers/RestaurantController/restaurantController.go:116.2,116.76 1 0
github.com/E-Furqan/Food-Delivery-System/Controllers/RestaurantController/restaurantController.go:116.76,119.3 2 0
github.com/E-Furqan/Food-Delivery-System/Controllers/RestaurantController/restaurantController.go:121.2,121.70 1 0
github.com/E-Furqan/Food-Delivery-System/Controllers/RestaurantController/restaurantController.go:124.60,129.57 3 0
github.com/E-Furqan/Food-Delivery-System/Controllers/RestaurantController/restaurantController.go:129.57,132.3 2 0
github.com/E-Furqan/Food-Delivery-System/Controllers/RestaurantController/restaurantController.go:133.2,135.16 3 0
github.com/E-Furqan/Food-Delivery-System/Controllers/RestaurantController/restaurantController.go:135.16,138.3 2 0
github.com/E-Furqan/Food-Delivery-System/Controllers/RestaurantController/restaurantController.go:140.2,141.16 2 0
github.com/E-Furqan/Food-Delivery-System/Controllers/RestaurantController/restaurantController.go:141.16,144.3 2 0
github.com/E-Furqan/Food-Delivery-System/Controllers/RestaurantController/restaurantController.go:146.2,146.21 1 0
github.com/E-Furqan/Food-Delivery-System/Controllers/RestaurantController/restaurantController.go:146.21,149.3 2 0
github.com/E-Furqan/Food-Delivery-System/Controllers/RestaurantController/restaurantController.go:151.2,151.30 1 0
github.com/E-Furqan/Food-Delivery-System/Controllers/RestaurantController/restaurantController.go:154.69,157.16 2 0
github.com/E-Furqan/Food-Delivery-System/Controllers/RestaurantController/restaurantController.go:157.16,160.3 2 0
github.com/E-Furqan/Food-Delivery-System/Controllers/RestaurantController/restaurantController.go:162.2,165.49 3 0
github.com/E-Furqan/Food-Delivery-System/Controllers/RestaurantController/restaurantController.go:165.49,168.3 2 0
github.com/E-Furqan/Food-Delivery-System/Controllers/RestaurantController/restaurantController.go:169.2,172.16 3 0
github.com/E-Furqan/Food-Delivery-System/Controllers/RestaurantController/restaurantController.go:172.16,175.3 2 0
github.com/E-Furqan/Food-Delivery-System/Controllers/RestaurantController/restaurantController.go:177.2,177.73 1 0
github.com/E-Furqan/Food-Delivery-System/Controllers/RestaurantController/restaurantController.go:177.73,180.3 2 0
github.com/E-Furqan/Food-Delivery-System/Controllers/RestaurantController/restaurantController.go:182.2,182.85 1 0
github.com/E-Furqan/Food-Delivery-System/Controllers/RestaurantController/restaurantController.go:185.72,188.16 2 0
github.com/E-Furqan/Food-Delivery-System/Controllers/RestaurantController/restaurantController.go:188.16,191.3 2 0
github.com/E-Furqan/Food-Delivery-System/Controllers/RestaurantController/restaurantController.go:193.2,195.16 3 0
github.com/E-Furqan/Food-Delivery-System/Controllers/RestaurantController/restaurantController.go:195.16,198.3 2 0
github.com/E-Furqan/Food-Delivery-System/Controllers/RestaurantController/restaurantController.go:200.2,201.16 2 0
github.com/E-Furqan/Food-Delivery-System/Controllers/RestaurantController/restaurantController.go:201.16,204.3 2 0
github.com/E-Furqan/Food-Delivery-System/Controllers/RestaurantController/restaurantController.go:206.2,209.16 4 0
github.com/E-Furqan/Food-Delivery-System/Controllers/RestaurantController/restaurantController.go:209.16,212.3 2 0
github.com/E-Furqan/Food-Delivery-System/Controllers/RestaurantController/restaurantController.go:214.2,215.50 2 0
github.com/E-Furqan/Food-Delivery-System/Controllers/RestaurantController/restaurantController.go:215.50,218.3 2 0
github.com/E-Furqan/Food-Delivery-System/Controllers/RestaurantController/restaurantController.go:220.2,221.32 2 0
github.com/E-Furqan/Food-Delivery-System/Controllers/RestaurantController/restaurantController.go:221.32,222.107 1 0
github.com/E-Furqan/Food-Delivery-System/Controllers/RestaurantController/restaurantController.go:222.107,224.4 1 0
github.com/E-Furqan/Food-Delivery-System/Controllers/RestaurantController/restaurantController.go:227.2,229.4 1 0
github.com/E-Furqan/Food-Delivery-System/EnviormentVariable/env.go:12.42,15.16 3 0
github.com/E-Furqan/Food-Delivery-System/EnviormentVariable/env.go:15.16,17.3 1 0
github.com/E-Furqan/Food-Delivery-System/EnviormentVariable/env.go:19.2,25.16 7 0
github.com/E-Furqan/Food-Delivery-System/EnviormentVariable/env.go:25.16,28.3 2 0
github.com/E-Furqan/Food-Delivery-System/EnviormentVariable/env.go:29.2,29.15 1 0
github.com/E-Furqan/Food-Delivery-System/EnviormentVariable/env.go:32.48,40.2 7 0
github.com/E-Furqan/Food-Delivery-System/EnviormentVariable/env.go:42.46,48.2 5 0
github.com/E-Furqan/Food-Delivery-System/EnviormentVariable/env.go:50.46,55.2 4 0
github.com/E-Furqan/Food-Delivery-System/Middleware/middleware.go:19.96,24.2 1 0
github.com/E-Furqan/Food-Delivery-System/Middleware/middleware.go:26.60,27.30 1 0
github.com/E-Furqan/Food-Delivery-System/Middleware/middleware.go:27.30,29.70 2 0
github.com/E-Furqan/Food-Delivery-System/Middleware/middleware.go:29.70,33.4 3 0
github.com/E-Furqan/Food-Delivery-System/Middleware/middleware.go:35.3,38.102 3 0
github.com/E-Furqan/Food-Delivery-System/Middleware/middleware.go:38.102,40.4 1 0
github.com/E-Furqan/Food-Delivery-System/Middleware/middleware.go:41.3,41.33 1 0
github.com/E-Furqan/Food-Delivery-System/Middleware/middleware.go:41.33,46.4 3 0
github.com/E-Furqan/Food-Delivery-System/Middleware/middleware.go:48.3,49.11 2 0
github.com/E-Furqan/Food-Delivery-System/Middleware/middleware.go:53.56,57.49 2 0
github.com/E-Furqan/Food-Delivery-System/Middleware/middleware.go:57.49,60.3 2 0
github.com/E-Furqan/Food-Delivery-System/Middleware/middleware.go:62.2,66.16 5 0
github.com/E-Furqan/Food-Delivery-System/Middleware/middleware.go:66.16,69.3 2 0
github.com/E-Furqan/Food-Delivery-System/Middleware/middleware.go:71.2,75.4 1 0
github.com/E-Furqan/Food-Delivery-System/DatabaseConfig/config.go:20.57,24.2 1 0
github.com/E-Furqan/Food-Delivery-System/DatabaseConfig/config.go:28.61,30.16 2 0
github.com/E-Furqan/Food-Delivery-System/DatabaseConfig/config.go:30.16,32.3 1 0
github.com/E-Furqan/Food-Delivery-System/DatabaseConfig/config.go:34.2,40.16 4 0
github.com/E-Furqan/Food-Delivery-System/DatabaseConfig/config.go:40.16,42.3 1 0
github.com/E-Furqan/Food-Delivery-System/DatabaseConfig/config.go:54.2,56.11 2 0
github.com/E-Furqan/Food-Delivery-System/Models/transitionModel.go:3.46,9.2 1 0
github.com/E-Furqan/Food-Delivery-System/Repositories/database.go:15.45,19.2 1 0
github.com/E-Furqan/Food-Delivery-System/Repositories/database.go:21.78,26.25 3 0
github.com/E-Furqan/Food-Delivery-System/Repositories/database.go:26.25,29.3 2 0
github.com/E-Furqan/Food-Delivery-System/Repositories/database.go:31.2,32.26 2 0
github.com/E-Furqan/Food-Delivery-System/Repositories/database.go:35.121,39.16 3 0
github.com/E-Furqan/Food-Delivery-System/Repositories/database.go:39.16,43.3 3 0
github.com/E-Furqan/Food-Delivery-System/Repositories/database.go:45.2,46.16 2 0
github.com/E-Furqan/Food-Delivery-System/Repositories/database.go:46.16,49.3 2 0
github.com/E-Furqan/Food-Delivery-System/Repositories/database.go:50.2,50.26 1 0
github.com/E-Furqan/Food-Delivery-System/Repositories/database.go:53.85,58.16 3 0
github.com/E-Furqan/Food-Delivery-System/Repositories/database.go:58.16,62.3 3 0
github.com/E-Furqan/Food-Delivery-System/Repositories/database.go:64.2,64.26 1 0
github.com/E-Furqan/Food-Delivery-System/Repositories/database.go:67.109,68.22 1 0
github.com/E-Furqan/Food-Delivery-System/Repositories/database.go:68.22,70.3 1 0
github.com/E-Furqan/Food-Delivery-System/Repositories/database.go:71.2,71.17 1 0
github.com/E-Furqan/Food-Delivery-System/Repositories/database.go:71.17,73.3 1 0
github.com/E-Furqan/Food-Delivery-System/Repositories/database.go:75.2,83.16 4 0
github.com/E-Furqan/Food-Delivery-System/Repositories/database.go:83.16,86.3 2 0
github.com/E-Furqan/Food-Delivery-System/Repositories/database.go:88.2,88.36 1 0
github.com/E-Furqan/Food-Delivery-System/Repositories/database.go:91.75,95.50 2 0
github.com/E-Furqan/Food-Delivery-System/Repositories/database.go:95.50,98.3 2 0
github.com/E-Furqan/Food-Delivery-System/Repositories/database.go:99.2,99.26 1 0
github.com/E-Furqan/Food-Delivery-System/Repositories/database.go:102.74,106.16 3 0
github.com/E-Furqan/Food-Delivery-System/Repositories/database.go:106.16,109.3 2 0
github.com/E-Furqan/Food-Delivery-System/Repositories/database.go:111.2,112.16 2 0
github.com/E-Furqan/Food-Delivery-System/Repositories/database.go:112.16,115.3 2 0
github.com/E-Furqan/Food-Delivery-System/Repositories/database.go:116.2,116.26 1 0
github.com/E-Furqan/Food-Delivery-System/Repositories/database.go:119.82,124.16 2 0
github.com/E-Furqan/Food-Delivery-System/Repositories/database.go:124.16,126.3 1 0
github.com/E-Furqan/Food-Delivery-System/Repositories/database.go:128.2,128.12 1 0
github.com/E-Furqan/Food-Delivery-System/Repositories/database.go:131.103,135.103 2 0
github.com/E-Furqan/Food-Delivery-System/Repositories/database.go:135.103,138.3 2 0
github.com/E-Furqan/Food-Delivery-System/Repositories/database.go:140.2,141.16 2 0
github.com/E-Furqan/Food-Delivery-System/Repositories/database.go:141.16,144.3 2 0
github.com/E-Furqan/Food-Delivery-System/Repositories/database.go:146.2,146.26 1 0
github.com/E-Furqan/Food-Delivery-System/Routes/routes.go:10.191,19.2 8 0
github.com/E-Furqan/Food-Delivery-System/Routes/routes.go:19.2,25.3 5 0
github.com/E-Furqan/Food-Delivery-System/Utils/utils.go:11.48,13.13 2 0
github.com/E-Furqan/Food-Delivery-System/Utils/utils.go:13.13,15.3 1 0
github.com/E-Furqan/Food-Delivery-System/Utils/utils.go:17.2,18.9 2 0
github.com/E-Furqan/Food-Delivery-System/Utils/utils.go:18.9,20.3 1 0
github.com/E-Furqan/Food-Delivery-System/Utils/utils.go:21.2,21.26 1 0
github.com/E-Furqan/Food-Delivery-System/Utils/utils.go:24.125,29.34 2 0
github.com/E-Furqan/Food-Delivery-System/Utils/utils.go:29.34,31.3 1 0
github.com/E-Furqan/Food-Delivery-System/Utils/utils.go:33.2,33.34 1 0
github.com/E-Furqan/Food-Delivery-System/Utils/utils.go:36.51,37.42 1 0
github.com/E-Furqan/Food-Delivery-System/Utils/utils.go:37.42,39.3 1 0
github.com/E-Furqan/Food-Delivery-System/Utils/utils.go:40.2,40.19 1 0
github.com/E-Furqan/Food-Delivery-System/Utils/utils.go:43.51,45.22 2 0
github.com/E-Furqan/Food-Delivery-System/Utils/utils.go:45.22,47.3 1 0
github.com/E-Furqan/Food-Delivery-System/Utils/utils.go:48.2,49.55 2 0
github.com/E-Furqan/Food-Delivery-System/Utils/utils.go:49.55,51.3 1 0
github.com/E-Furqan/Food-Delivery-System/Utils/utils.go:52.2,53.19 2 0
github.com/E-Furqan/Food-Delivery-System/EnviormentVariable/env.go:12.42,15.16 3 1
github.com/E-Furqan/Food-Delivery-System/EnviormentVariable/env.go:15.16,17.3 1 1
github.com/E-Furqan/Food-Delivery-System/EnviormentVariable/env.go:19.2,25.16 7 1
github.com/E-Furqan/Food-Delivery-System/EnviormentVariable/env.go:25.16,28.3 2 0
github.com/E-Furqan/Food-Delivery-System/EnviormentVariable/env.go:29.2,29.15 1 1
github.com/E-Furqan/Food-Delivery-System/EnviormentVariable/env.go:32.48,40.2 7 0
github.com/E-Furqan/Food-Delivery-System/EnviormentVariable/env.go:42.46,48.2 5 0
github.com/E-Furqan/Food-Delivery-System/EnviormentVariable/env.go:50.46,55.2 4 0
github.com/E-Furqan/Food-Delivery-System/Models/transitionModel.go:3.46,9.2 1 0
github.com/E-Furqan/Food-Delivery-System/Repositories/database.go:15.45,19.2 1 0
github.com/E-Furqan/Food-Delivery-System/Repositories/database.go:21.78,26.25 3 1
github.com/E-Furqan/Food-Delivery-System/Repositories/database.go:26.25,29.3 2 1
github.com/E-Furqan/Food-Delivery-System/Repositories/database.go:31.2,32.26 2 1
github.com/E-Furqan/Food-Delivery-System/Repositories/database.go:35.121,39.16 3 1
github.com/E-Furqan/Food-Delivery-System/Repositories/database.go:39.16,43.3 3 1
github.com/E-Furqan/Food-Delivery-System/Repositories/database.go:45.2,46.16 2 1
github.com/E-Furqan/Food-Delivery-System/Repositories/database.go:46.16,49.3 2 0
github.com/E-Furqan/Food-Delivery-System/Repositories/database.go:50.2,50.26 1 1
github.com/E-Furqan/Food-Delivery-System/Repositories/database.go:53.85,58.16 3 1
github.com/E-Furqan/Food-Delivery-System/Repositories/database.go:58.16,62.3 3 0
github.com/E-Furqan/Food-Delivery-System/Repositories/database.go:64.2,64.26 1 1
github.com/E-Furqan/Food-Delivery-System/Repositories/database.go:67.109,68.22 1 1
github.com/E-Furqan/Food-Delivery-System/Repositories/database.go:68.22,70.3 1 1
github.com/E-Furqan/Food-Delivery-System/Repositories/database.go:71.2,71.17 1 1
github.com/E-Furqan/Food-Delivery-System/Repositories/database.go:71.17,73.3 1 1
github.com/E-Furqan/Food-Delivery-System/Repositories/database.go:75.2,83.16 4 1
github.com/E-Furqan/Food-Delivery-System/Repositories/database.go:83.16,86.3 2 0
github.com/E-Furqan/Food-Delivery-System/Repositories/database.go:88.2,88.36 1 1
github.com/E-Furqan/Food-Delivery-System/Repositories/database.go:91.75,95.50 2 1
github.com/E-Furqan/Food-Delivery-System/Repositories/database.go:95.50,98.3 2 0
github.com/E-Furqan/Food-Delivery-System/Repositories/database.go:99.2,99.26 1 1
github.com/E-Furqan/Food-Delivery-System/Repositories/database.go:102.74,106.16 3 1
github.com/E-Furqan/Food-Delivery-System/Repositories/database.go:106.16,109.3 2 0
github.com/E-Furqan/Food-Delivery-System/Repositories/database.go:111.2,112.16 2 1
github.com/E-Furqan/Food-Delivery-System/Repositories/database.go:112.16,115.3 2 0
github.com/E-Furqan/Food-Delivery-System/Repositories/database.go:116.2,116.26 1 1
github.com/E-Furqan/Food-Delivery-System/Repositories/database.go:119.82,124.16 2 1
github.com/E-Furqan/Food-Delivery-System/Repositories/database.go:124.16,126.3 1 0
github.com/E-Furqan/Food-Delivery-System/Repositories/database.go:128.2,128.12 1 1
github.com/E-Furqan/Food-Delivery-System/Repositories/database.go:131.103,135.103 2 1
github.com/E-Furqan/Food-Delivery-System/Repositories/database.go:135.103,138.3 2 0
github.com/E-Furqan/Food-Delivery-System/Repositories/database.go:140.2,141.16 2 1
github.com/E-Furqan/Food-Delivery-System/Repositories/database.go:141.16,144.3 2 0
github.com/E-Furqan/Food-Delivery-System/Repositories/database.go:146.2,146.26 1 1
github.com/E-Furqan/Food-Delivery-System/Repositories/TestRepositories/ConfigTestDatabase.go:15.40,19.16 3 1
github.com/E-Furqan/Food-Delivery-System/Repositories/TestRepositories/ConfigTestDatabase.go:19.16,21.3 1 1
github.com/E-Furqan/Food-Delivery-System/Repositories/TestRepositories/ConfigTestDatabase.go:23.2,27.16 3 1
github.com/E-Furqan/Food-Delivery-System/Repositories/TestRepositories/ConfigTestDatabase.go:27.16,29.3 1 0
github.com/E-Furqan/Food-Delivery-System/Repositories/TestRepositories/ConfigTestDatabase.go:30.2,30.11 1 1
github.com/E-Furqan/Food-Delivery-System/Utils/utils.go:11.48,13.13 2 0
github.com/E-Furqan/Food-Delivery-System/Utils/utils.go:13.13,15.3 1 0
github.com/E-Furqan/Food-Delivery-System/Utils/utils.go:17.2,18.9 2 0
github.com/E-Furqan/Food-Delivery-System/Utils/utils.go:18.9,20.3 1 0
github.com/E-Furqan/Food-Delivery-System/Utils/utils.go:21.2,21.26 1 0
github.com/E-Furqan/Food-Delivery-System/Utils/utils.go:24.125,29.34 2 0
github.com/E-Furqan/Food-Delivery-System/Utils/utils.go:29.34,31.3 1 0
github.com/E-Furqan/Food-Delivery-System/Utils/utils.go:33.2,33.34 1 0
github.com/E-Furqan/Food-Delivery-System/Utils/utils.go:36.51,37.42 1 1
github.com/E-Furqan/Food-Delivery-System/Utils/utils.go:37.42,39.3 1 0
github.com/E-Furqan/Food-Delivery-System/Utils/utils.go:40.2,40.19 1 1
github.com/E-Furqan/Food-Delivery-System/Utils/utils.go:43.51,45.22 2 0
github.com/E-Furqan/Food-Delivery-System/Utils/utils.go:45.22,47.3 1 0
github.com/E-Furqan/Food-Delivery-System/Utils/utils.go:48.2,49.55 2 0
github.com/E-Furqan/Food-Delivery-System/Utils/utils.go:49.55,51.3 1 0
github.com/E-Furqan/Food-Delivery-System/Utils/utils.go:52.2,53.19 2 0
