mode: set
github.com/E-Furqan/Food-Delivery-System/Client/AuthClient/authClient.go:16.53,20.2 1 0
github.com/E-Furqan/Food-Delivery-System/Client/AuthClient/authClient.go:21.87,24.16 2 0
github.com/E-Furqan/Food-Delivery-System/Client/AuthClient/authClient.go:24.16,26.3 1 0
github.com/E-Furqan/Food-Delivery-System/Client/AuthClient/authClient.go:27.2,29.16 3 0
github.com/E-Furqan/Food-Delivery-System/Client/AuthClient/authClient.go:29.16,31.3 1 0
github.com/E-Furqan/Food-Delivery-System/Client/AuthClient/authClient.go:32.2,35.16 3 0
github.com/E-Furqan/Food-Delivery-System/Client/AuthClient/authClient.go:35.16,37.3 1 0
github.com/E-Furqan/Food-Delivery-System/Client/AuthClient/authClient.go:38.2,40.38 2 0
github.com/E-Furqan/Food-Delivery-System/Client/AuthClient/authClient.go:40.38,42.3 1 0
github.com/E-Furqan/Food-Delivery-System/Client/AuthClient/authClient.go:44.2,45.67 2 0
github.com/E-Furqan/Food-Delivery-System/Client/AuthClient/authClient.go:45.67,47.3 1 0
github.com/E-Furqan/Food-Delivery-System/Client/AuthClient/authClient.go:49.2,49.21 1 0
github.com/E-Furqan/Food-Delivery-System/Client/AuthClient/authClient.go:52.89,55.16 2 0
github.com/E-Furqan/Food-Delivery-System/Client/AuthClient/authClient.go:55.16,57.3 1 0
github.com/E-Furqan/Food-Delivery-System/Client/AuthClient/authClient.go:58.2,60.16 3 0
github.com/E-Furqan/Food-Delivery-System/Client/AuthClient/authClient.go:60.16,62.3 1 0
github.com/E-Furqan/Food-Delivery-System/Client/AuthClient/authClient.go:63.2,66.16 3 0
github.com/E-Furqan/Food-Delivery-System/Client/AuthClient/authClient.go:66.16,68.3 1 0
github.com/E-Furqan/Food-Delivery-System/Client/AuthClient/authClient.go:69.2,71.38 2 0
github.com/E-Furqan/Food-Delivery-System/Client/AuthClient/authClient.go:71.38,73.3 1 0
github.com/E-Furqan/Food-Delivery-System/Client/AuthClient/authClient.go:75.2,76.67 2 0
github.com/E-Furqan/Food-Delivery-System/Client/AuthClient/authClient.go:76.67,78.3 1 0
github.com/E-Furqan/Food-Delivery-System/Client/AuthClient/authClient.go:80.2,80.21 1 0
github.com/E-Furqan/Food-Delivery-System/DatabaseConfig/config.go:16.57,20.2 1 0
github.com/E-Furqan/Food-Delivery-System/DatabaseConfig/config.go:24.61,31.16 4 0
github.com/E-Furqan/Food-Delivery-System/DatabaseConfig/config.go:31.16,33.3 1 0
github.com/E-Furqan/Food-Delivery-System/DatabaseConfig/config.go:35.2,36.16 2 0
github.com/E-Furqan/Food-Delivery-System/DatabaseConfig/config.go:36.16,38.3 1 0
github.com/E-Furqan/Food-Delivery-System/DatabaseConfig/config.go:40.2,41.16 2 0
github.com/E-Furqan/Food-Delivery-System/DatabaseConfig/config.go:41.16,43.3 1 0
github.com/E-Furqan/Food-Delivery-System/DatabaseConfig/config.go:45.2,46.16 2 0
github.com/E-Furqan/Food-Delivery-System/DatabaseConfig/config.go:46.16,48.3 1 0
github.com/E-Furqan/Food-Delivery-System/DatabaseConfig/config.go:50.2,52.11 2 0
github.com/E-Furqan/Food-Delivery-System/main.go:16.13,41.2 16 0
github.com/E-Furqan/Food-Delivery-System/Controllers/RoleControler/roleControler.go:19.98,23.2 1 0
github.com/E-Furqan/Food-Delivery-System/Controllers/RoleControler/roleControler.go:25.62,28.16 2 0
github.com/E-Furqan/Food-Delivery-System/Controllers/RoleControler/roleControler.go:28.16,31.3 2 0
github.com/E-Furqan/Food-Delivery-System/Controllers/RoleControler/roleControler.go:33.2,34.49 2 0
github.com/E-Furqan/Food-Delivery-System/Controllers/RoleControler/roleControler.go:34.49,37.3 2 0
github.com/E-Furqan/Food-Delivery-System/Controllers/RoleControler/roleControler.go:39.2,44.16 5 0
github.com/E-Furqan/Food-Delivery-System/Controllers/RoleControler/roleControler.go:44.16,47.3 2 0
github.com/E-Furqan/Food-Delivery-System/Controllers/RoleControler/roleControler.go:49.2,49.89 1 0
github.com/E-Furqan/Food-Delivery-System/Controllers/RoleControler/roleControler.go:52.55,55.16 2 0
github.com/E-Furqan/Food-Delivery-System/Controllers/RoleControler/roleControler.go:55.16,58.3 2 0
github.com/E-Furqan/Food-Delivery-System/Controllers/RoleControler/roleControler.go:60.2,61.16 2 0
github.com/E-Furqan/Food-Delivery-System/Controllers/RoleControler/roleControler.go:61.16,64.3 2 0
github.com/E-Furqan/Food-Delivery-System/Controllers/RoleControler/roleControler.go:66.2,66.33 1 0
github.com/E-Furqan/Food-Delivery-System/Controllers/RoleControler/roleControler.go:69.57,72.16 2 0
github.com/E-Furqan/Food-Delivery-System/Controllers/RoleControler/roleControler.go:72.16,75.3 2 0
github.com/E-Furqan/Food-Delivery-System/Controllers/RoleControler/roleControler.go:77.2,80.16 4 0
github.com/E-Furqan/Food-Delivery-System/Controllers/RoleControler/roleControler.go:80.16,83.3 2 0
github.com/E-Furqan/Food-Delivery-System/Controllers/RoleControler/roleControler.go:85.2,86.16 2 0
github.com/E-Furqan/Food-Delivery-System/Controllers/RoleControler/roleControler.go:86.16,89.3 2 0
github.com/E-Furqan/Food-Delivery-System/Controllers/RoleControler/roleControler.go:91.2,91.84 1 0
github.com/E-Furqan/Food-Delivery-System/Controllers/RoleControler/roleControler.go:91.84,94.3 2 0
github.com/E-Furqan/Food-Delivery-System/Controllers/RoleControler/roleControler.go:96.2,96.53 1 0
github.com/E-Furqan/Food-Delivery-System/Controllers/RoleControler/roleControler.go:96.53,99.3 2 0
github.com/E-Furqan/Food-Delivery-System/Controllers/RoleControler/roleControler.go:101.2,101.91 1 0
github.com/E-Furqan/Food-Delivery-System/Controllers/RoleControler/roleControler.go:104.62,107.51 2 0
github.com/E-Furqan/Food-Delivery-System/Controllers/RoleControler/roleControler.go:107.51,110.17 3 0
github.com/E-Furqan/Food-Delivery-System/Controllers/RoleControler/roleControler.go:110.17,113.12 2 0
github.com/E-Furqan/Food-Delivery-System/Controllers/RoleControler/roleControler.go:116.3,119.5 1 0
github.com/E-Furqan/Food-Delivery-System/Controllers/RoleControler/roleControler.go:122.2,122.21 1 0
github.com/E-Furqan/Food-Delivery-System/Controllers/RoleControler/roleControler.go:122.21,125.3 2 0
github.com/E-Furqan/Food-Delivery-System/Controllers/RoleControler/roleControler.go:127.2,128.16 2 0
github.com/E-Furqan/Food-Delivery-System/Controllers/RoleControler/roleControler.go:128.16,131.3 2 0
github.com/E-Furqan/Food-Delivery-System/Controllers/RoleControler/roleControler.go:133.2,133.58 1 0
github.com/E-Furqan/Food-Delivery-System/Controllers/RoleControler/roleControler.go:136.66,139.16 2 0
github.com/E-Furqan/Food-Delivery-System/Controllers/RoleControler/roleControler.go:139.16,142.3 2 0
github.com/E-Furqan/Food-Delivery-System/Controllers/RoleControler/roleControler.go:144.2,146.16 3 0
github.com/E-Furqan/Food-Delivery-System/Controllers/RoleControler/roleControler.go:146.16,149.3 2 0
github.com/E-Furqan/Food-Delivery-System/Controllers/RoleControler/roleControler.go:151.2,153.16 3 0
github.com/E-Furqan/Food-Delivery-System/Controllers/RoleControler/roleControler.go:153.16,156.3 2 0
github.com/E-Furqan/Food-Delivery-System/Controllers/RoleControler/roleControler.go:158.2,160.34 3 0
github.com/E-Furqan/Food-Delivery-System/Controllers/RoleControler/roleControler.go:160.34,161.42 1 0
github.com/E-Furqan/Food-Delivery-System/Controllers/RoleControler/roleControler.go:161.42,164.9 3 0
github.com/E-Furqan/Food-Delivery-System/Controllers/RoleControler/roleControler.go:168.2,168.17 1 0
github.com/E-Furqan/Food-Delivery-System/Controllers/RoleControler/roleControler.go:168.17,171.3 2 0
github.com/E-Furqan/Food-Delivery-System/Controllers/RoleControler/roleControler.go:173.2,175.72 2 0
github.com/E-Furqan/Food-Delivery-System/Controllers/RoleControler/roleControler.go:175.72,178.3 2 0
github.com/E-Furqan/Food-Delivery-System/Controllers/RoleControler/roleControler.go:180.2,183.16 3 0
github.com/E-Furqan/Food-Delivery-System/Controllers/RoleControler/roleControler.go:183.16,186.3 2 0
github.com/E-Furqan/Food-Delivery-System/Controllers/RoleControler/roleControler.go:188.2,192.4 1 0
github.com/E-Furqan/Food-Delivery-System/Client/OrderClient/orderClient.go:17.55,21.2 1 0
github.com/E-Furqan/Food-Delivery-System/Client/OrderClient/orderClient.go:23.118,26.16 2 0
github.com/E-Furqan/Food-Delivery-System/Client/OrderClient/orderClient.go:26.16,28.3 1 0
github.com/E-Furqan/Food-Delivery-System/Client/OrderClient/orderClient.go:30.2,32.16 3 0
github.com/E-Furqan/Food-Delivery-System/Client/OrderClient/orderClient.go:32.16,34.3 1 0
github.com/E-Furqan/Food-Delivery-System/Client/OrderClient/orderClient.go:36.2,40.16 4 0
github.com/E-Furqan/Food-Delivery-System/Client/OrderClient/orderClient.go:40.16,42.3 1 0
github.com/E-Furqan/Food-Delivery-System/Client/OrderClient/orderClient.go:43.2,45.38 2 0
github.com/E-Furqan/Food-Delivery-System/Client/OrderClient/orderClient.go:45.38,47.3 1 0
github.com/E-Furqan/Food-Delivery-System/Client/OrderClient/orderClient.go:49.2,50.67 2 0
github.com/E-Furqan/Food-Delivery-System/Client/OrderClient/orderClient.go:50.67,52.3 1 0
github.com/E-Furqan/Food-Delivery-System/Client/OrderClient/orderClient.go:54.2,54.21 1 0
github.com/E-Furqan/Food-Delivery-System/Client/OrderClient/orderClient.go:57.91,60.16 2 0
github.com/E-Furqan/Food-Delivery-System/Client/OrderClient/orderClient.go:60.16,62.3 1 0
github.com/E-Furqan/Food-Delivery-System/Client/OrderClient/orderClient.go:64.2,66.16 3 0
github.com/E-Furqan/Food-Delivery-System/Client/OrderClient/orderClient.go:66.16,68.3 1 0
github.com/E-Furqan/Food-Delivery-System/Client/OrderClient/orderClient.go:69.2,73.16 4 0
github.com/E-Furqan/Food-Delivery-System/Client/OrderClient/orderClient.go:73.16,75.3 1 0
github.com/E-Furqan/Food-Delivery-System/Client/OrderClient/orderClient.go:76.2,78.38 2 0
github.com/E-Furqan/Food-Delivery-System/Client/OrderClient/orderClient.go:78.38,80.3 1 0
github.com/E-Furqan/Food-Delivery-System/Client/OrderClient/orderClient.go:82.2,82.12 1 0
github.com/E-Furqan/Food-Delivery-System/Client/OrderClient/orderClient.go:85.99,88.16 2 0
github.com/E-Furqan/Food-Delivery-System/Client/OrderClient/orderClient.go:88.16,90.3 1 0
github.com/E-Furqan/Food-Delivery-System/Client/OrderClient/orderClient.go:91.2,94.16 4 0
github.com/E-Furqan/Food-Delivery-System/Client/OrderClient/orderClient.go:94.16,96.3 1 0
github.com/E-Furqan/Food-Delivery-System/Client/OrderClient/orderClient.go:97.2,100.16 3 0
github.com/E-Furqan/Food-Delivery-System/Client/OrderClient/orderClient.go:100.16,102.3 1 0
github.com/E-Furqan/Food-Delivery-System/Client/OrderClient/orderClient.go:103.2,105.38 2 0
github.com/E-Furqan/Food-Delivery-System/Client/OrderClient/orderClient.go:105.38,107.3 1 0
github.com/E-Furqan/Food-Delivery-System/Client/OrderClient/orderClient.go:109.2,110.67 2 0
github.com/E-Furqan/Food-Delivery-System/Client/OrderClient/orderClient.go:110.67,112.3 1 0
github.com/E-Furqan/Food-Delivery-System/Client/OrderClient/orderClient.go:114.2,114.21 1 0
github.com/E-Furqan/Food-Delivery-System/Client/OrderClient/orderClient.go:117.111,120.16 2 0
github.com/E-Furqan/Food-Delivery-System/Client/OrderClient/orderClient.go:120.16,122.3 1 0
github.com/E-Furqan/Food-Delivery-System/Client/OrderClient/orderClient.go:123.2,126.16 4 0
github.com/E-Furqan/Food-Delivery-System/Client/OrderClient/orderClient.go:126.16,128.3 1 0
github.com/E-Furqan/Food-Delivery-System/Client/OrderClient/orderClient.go:129.2,132.16 3 0
github.com/E-Furqan/Food-Delivery-System/Client/OrderClient/orderClient.go:132.16,134.3 1 0
github.com/E-Furqan/Food-Delivery-System/Client/OrderClient/orderClient.go:135.2,137.38 2 0
github.com/E-Furqan/Food-Delivery-System/Client/OrderClient/orderClient.go:137.38,139.3 1 0
github.com/E-Furqan/Food-Delivery-System/Client/OrderClient/orderClient.go:141.2,142.67 2 0
github.com/E-Furqan/Food-Delivery-System/Client/OrderClient/orderClient.go:142.67,144.3 1 0
github.com/E-Furqan/Food-Delivery-System/Client/OrderClient/orderClient.go:146.2,146.21 1 0
github.com/E-Furqan/Food-Delivery-System/Controllers/UserController/userController.go:22.132,28.2 1 0
github.com/E-Furqan/Food-Delivery-System/Controllers/UserController/userController.go:30.50,34.60 2 0
github.com/E-Furqan/Food-Delivery-System/Controllers/UserController/userController.go:34.60,37.3 2 0
github.com/E-Furqan/Food-Delivery-System/Controllers/UserController/userController.go:39.2,39.74 1 0
github.com/E-Furqan/Food-Delivery-System/Controllers/UserController/userController.go:39.74,41.84 2 0
github.com/E-Furqan/Food-Delivery-System/Controllers/UserController/userController.go:41.84,44.4 2 0
github.com/E-Furqan/Food-Delivery-System/Controllers/UserController/userController.go:45.3,46.31 2 0
github.com/E-Furqan/Food-Delivery-System/Controllers/UserController/userController.go:49.2,50.16 2 0
github.com/E-Furqan/Food-Delivery-System/Controllers/UserController/userController.go:50.16,53.3 2 0
github.com/E-Furqan/Food-Delivery-System/Controllers/UserController/userController.go:55.2,55.46 1 0
github.com/E-Furqan/Food-Delivery-System/Controllers/UserController/userController.go:58.47,61.49 2 0
github.com/E-Furqan/Food-Delivery-System/Controllers/UserController/userController.go:61.49,64.3 2 0
github.com/E-Furqan/Food-Delivery-System/Controllers/UserController/userController.go:66.2,68.16 3 0
github.com/E-Furqan/Food-Delivery-System/Controllers/UserController/userController.go:68.16,71.3 2 0
github.com/E-Furqan/Food-Delivery-System/Controllers/UserController/userController.go:72.2,72.37 1 0
github.com/E-Furqan/Food-Delivery-System/Controllers/UserController/userController.go:72.37,75.3 2 0
github.com/E-Furqan/Food-Delivery-System/Controllers/UserController/userController.go:77.2,80.16 3 0
github.com/E-Furqan/Food-Delivery-System/Controllers/UserController/userController.go:80.16,83.3 2 0
github.com/E-Furqan/Food-Delivery-System/Controllers/UserController/userController.go:84.2,88.4 1 0
github.com/E-Furqan/Food-Delivery-System/Controllers/UserController/userController.go:91.50,94.13 2 0
github.com/E-Furqan/Food-Delivery-System/Controllers/UserController/userController.go:94.13,97.3 2 0
github.com/E-Furqan/Food-Delivery-System/Controllers/UserController/userController.go:99.2,99.27 1 0
github.com/E-Furqan/Food-Delivery-System/Controllers/UserController/userController.go:99.27,102.3 2 0
github.com/E-Furqan/Food-Delivery-System/Controllers/UserController/userController.go:104.2,107.53 3 0
github.com/E-Furqan/Food-Delivery-System/Controllers/UserController/userController.go:107.53,111.3 3 0
github.com/E-Furqan/Food-Delivery-System/Controllers/UserController/userController.go:113.2,115.16 2 0
github.com/E-Furqan/Food-Delivery-System/Controllers/UserController/userController.go:115.16,118.3 2 0
github.com/E-Furqan/Food-Delivery-System/Controllers/UserController/userController.go:120.2,120.33 1 0
github.com/E-Furqan/Food-Delivery-System/Controllers/UserController/userController.go:123.52,126.16 2 0
github.com/E-Furqan/Food-Delivery-System/Controllers/UserController/userController.go:126.16,129.3 2 0
github.com/E-Furqan/Food-Delivery-System/Controllers/UserController/userController.go:131.2,134.16 3 0
github.com/E-Furqan/Food-Delivery-System/Controllers/UserController/userController.go:134.16,137.3 2 0
github.com/E-Furqan/Food-Delivery-System/Controllers/UserController/userController.go:139.2,141.16 3 0
github.com/E-Furqan/Food-Delivery-System/Controllers/UserController/userController.go:141.16,144.3 2 0
github.com/E-Furqan/Food-Delivery-System/Controllers/UserController/userController.go:146.2,146.82 1 0
github.com/E-Furqan/Food-Delivery-System/Controllers/UserController/userController.go:146.82,149.3 2 0
github.com/E-Furqan/Food-Delivery-System/Controllers/UserController/userController.go:151.2,152.44 2 0
github.com/E-Furqan/Food-Delivery-System/Controllers/UserController/userController.go:152.44,153.51 1 0
github.com/E-Furqan/Food-Delivery-System/Controllers/UserController/userController.go:153.51,155.9 2 0
github.com/E-Furqan/Food-Delivery-System/Controllers/UserController/userController.go:156.9,158.4 1 0
github.com/E-Furqan/Food-Delivery-System/Controllers/UserController/userController.go:161.2,165.16 4 0
github.com/E-Furqan/Food-Delivery-System/Controllers/UserController/userController.go:165.16,168.3 2 0
github.com/E-Furqan/Food-Delivery-System/Controllers/UserController/userController.go:170.2,170.44 1 0
github.com/E-Furqan/Food-Delivery-System/Controllers/UserController/userController.go:170.44,171.73 1 0
github.com/E-Furqan/Food-Delivery-System/Controllers/UserController/userController.go:171.73,174.4 2 0
github.com/E-Furqan/Food-Delivery-System/Controllers/UserController/userController.go:176.2,176.34 1 0
github.com/E-Furqan/Food-Delivery-System/Controllers/UserController/userController.go:179.52,181.16 2 0
github.com/E-Furqan/Food-Delivery-System/Controllers/UserController/userController.go:181.16,184.3 2 0
github.com/E-Furqan/Food-Delivery-System/Controllers/UserController/userController.go:186.2,189.16 3 0
github.com/E-Furqan/Food-Delivery-System/Controllers/UserController/userController.go:189.16,192.3 2 0
github.com/E-Furqan/Food-Delivery-System/Controllers/UserController/userController.go:194.2,194.82 1 0
github.com/E-Furqan/Food-Delivery-System/Controllers/UserController/userController.go:194.82,197.3 2 0
github.com/E-Furqan/Food-Delivery-System/Controllers/UserController/userController.go:199.2,199.52 1 0
github.com/E-Furqan/Food-Delivery-System/Controllers/UserController/userController.go:199.52,202.3 2 0
github.com/E-Furqan/Food-Delivery-System/Controllers/UserController/userController.go:204.2,204.70 1 0
github.com/E-Furqan/Food-Delivery-System/Controllers/UserController/userController.go:207.49,210.16 2 0
github.com/E-Furqan/Food-Delivery-System/Controllers/UserController/userController.go:210.16,213.3 2 0
github.com/E-Furqan/Food-Delivery-System/Controllers/UserController/userController.go:215.2,218.16 3 0
github.com/E-Furqan/Food-Delivery-System/Controllers/UserController/userController.go:218.16,221.3 2 0
github.com/E-Furqan/Food-Delivery-System/Controllers/UserController/userController.go:223.2,223.32 1 0
github.com/E-Furqan/Food-Delivery-System/Controllers/UserController/userController.go:226.55,228.13 2 0
github.com/E-Furqan/Food-Delivery-System/Controllers/UserController/userController.go:228.13,231.3 2 0
github.com/E-Furqan/Food-Delivery-System/Controllers/UserController/userController.go:232.2,232.21 1 0
github.com/E-Furqan/Food-Delivery-System/Controllers/UserController/userController.go:232.21,235.3 2 0
github.com/E-Furqan/Food-Delivery-System/Controllers/UserController/userController.go:237.2,239.16 3 0
github.com/E-Furqan/Food-Delivery-System/Controllers/UserController/userController.go:239.16,242.3 2 0
github.com/E-Furqan/Food-Delivery-System/Controllers/UserController/userController.go:244.2,246.16 3 0
github.com/E-Furqan/Food-Delivery-System/Controllers/UserController/userController.go:246.16,249.3 2 0
github.com/E-Furqan/Food-Delivery-System/Controllers/UserController/userController.go:251.2,251.32 1 0
github.com/E-Furqan/Food-Delivery-System/Controllers/UserController/userController.go:254.56,257.16 2 0
github.com/E-Furqan/Food-Delivery-System/Controllers/UserController/userController.go:257.16,260.3 2 0
github.com/E-Furqan/Food-Delivery-System/Controllers/UserController/userController.go:262.2,264.16 3 0
github.com/E-Furqan/Food-Delivery-System/Controllers/UserController/userController.go:264.16,267.3 2 0
github.com/E-Furqan/Food-Delivery-System/Controllers/UserController/userController.go:268.2,272.16 4 0
github.com/E-Furqan/Food-Delivery-System/Controllers/UserController/userController.go:272.16,275.3 2 0
github.com/E-Furqan/Food-Delivery-System/Controllers/UserController/userController.go:277.2,279.4 1 0
github.com/E-Furqan/Food-Delivery-System/Controllers/UserController/userController.go:282.59,284.16 2 0
github.com/E-Furqan/Food-Delivery-System/Controllers/UserController/userController.go:284.16,287.3 2 0
github.com/E-Furqan/Food-Delivery-System/Controllers/UserController/userController.go:289.2,293.16 4 0
github.com/E-Furqan/Food-Delivery-System/Controllers/UserController/userController.go:293.16,296.3 2 0
github.com/E-Furqan/Food-Delivery-System/Controllers/UserController/userController.go:298.2,299.49 2 0
github.com/E-Furqan/Food-Delivery-System/Controllers/UserController/userController.go:299.49,302.3 2 0
github.com/E-Furqan/Food-Delivery-System/Controllers/UserController/userController.go:303.2,304.16 2 0
github.com/E-Furqan/Food-Delivery-System/Controllers/UserController/userController.go:304.16,307.3 2 0
github.com/E-Furqan/Food-Delivery-System/Controllers/UserController/userController.go:309.2,309.62 1 0
github.com/E-Furqan/Food-Delivery-System/Controllers/UserController/userController.go:309.62,310.50 1 0
github.com/E-Furqan/Food-Delivery-System/Controllers/UserController/userController.go:310.50,313.4 2 0
github.com/E-Furqan/Food-Delivery-System/Controllers/UserController/userController.go:313.9,316.18 3 0
github.com/E-Furqan/Food-Delivery-System/Controllers/UserController/userController.go:316.18,319.5 2 0
github.com/E-Furqan/Food-Delivery-System/Controllers/UserController/userController.go:320.4,321.37 2 0
github.com/E-Furqan/Food-Delivery-System/Controllers/UserController/userController.go:325.2,327.4 1 0
github.com/E-Furqan/Food-Delivery-System/Controllers/UserController/userController.go:330.58,333.16 2 0
github.com/E-Furqan/Food-Delivery-System/Controllers/UserController/userController.go:333.16,336.3 2 0
github.com/E-Furqan/Food-Delivery-System/Controllers/UserController/userController.go:338.2,339.13 2 0
github.com/E-Furqan/Food-Delivery-System/Controllers/UserController/userController.go:339.13,342.3 2 0
github.com/E-Furqan/Food-Delivery-System/Controllers/UserController/userController.go:344.2,344.37 1 0
github.com/E-Furqan/Food-Delivery-System/Controllers/UserController/userController.go:344.37,347.3 2 0
github.com/E-Furqan/Food-Delivery-System/Controllers/UserController/userController.go:349.2,351.16 3 0
github.com/E-Furqan/Food-Delivery-System/Controllers/UserController/userController.go:351.16,354.3 2 0
github.com/E-Furqan/Food-Delivery-System/Controllers/UserController/userController.go:356.2,359.16 4 0
github.com/E-Furqan/Food-Delivery-System/Controllers/UserController/userController.go:359.16,362.3 2 0
github.com/E-Furqan/Food-Delivery-System/Controllers/UserController/userController.go:364.2,366.4 1 0
github.com/E-Furqan/Food-Delivery-System/Controllers/UserController/userController.go:369.65,371.16 2 0
github.com/E-Furqan/Food-Delivery-System/Controllers/UserController/userController.go:371.16,374.3 2 0
github.com/E-Furqan/Food-Delivery-System/Controllers/UserController/userController.go:376.2,377.13 2 0
github.com/E-Furqan/Food-Delivery-System/Controllers/UserController/userController.go:377.13,380.3 2 0
github.com/E-Furqan/Food-Delivery-System/Controllers/UserController/userController.go:382.2,382.37 1 0
github.com/E-Furqan/Food-Delivery-System/Controllers/UserController/userController.go:382.37,385.3 2 0
github.com/E-Furqan/Food-Delivery-System/Controllers/UserController/userController.go:387.2,389.16 3 0
github.com/E-Furqan/Food-Delivery-System/Controllers/UserController/userController.go:389.16,392.3 2 0
github.com/E-Furqan/Food-Delivery-System/Controllers/UserController/userController.go:394.2,396.16 3 0
github.com/E-Furqan/Food-Delivery-System/Controllers/UserController/userController.go:396.16,399.3 2 0
github.com/E-Furqan/Food-Delivery-System/Controllers/UserController/userController.go:401.2,403.4 1 0
github.com/E-Furqan/Food-Delivery-System/Controllers/UserController/userController.go:406.54,408.16 2 0
github.com/E-Furqan/Food-Delivery-System/Controllers/UserController/userController.go:408.16,411.3 2 0
github.com/E-Furqan/Food-Delivery-System/Controllers/UserController/userController.go:413.2,414.13 2 0
github.com/E-Furqan/Food-Delivery-System/Controllers/UserController/userController.go:414.13,417.3 2 0
github.com/E-Furqan/Food-Delivery-System/Controllers/UserController/userController.go:419.2,419.37 1 0
github.com/E-Furqan/Food-Delivery-System/Controllers/UserController/userController.go:419.37,422.3 2 0
github.com/E-Furqan/Food-Delivery-System/Controllers/UserController/userController.go:424.2,428.16 4 0
github.com/E-Furqan/Food-Delivery-System/Controllers/UserController/userController.go:428.16,431.3 2 0
github.com/E-Furqan/Food-Delivery-System/Controllers/UserController/userController.go:433.2,434.51 2 0
github.com/E-Furqan/Food-Delivery-System/Controllers/UserController/userController.go:434.51,437.3 2 0
github.com/E-Furqan/Food-Delivery-System/Controllers/UserController/userController.go:439.2,439.70 1 0
github.com/E-Furqan/Food-Delivery-System/Controllers/UserController/userController.go:439.70,442.3 2 0
github.com/E-Furqan/Food-Delivery-System/Controllers/UserController/userController.go:444.2,449.4 3 0
github.com/E-Furqan/Food-Delivery-System/EnviormentVariable/env.go:12.42,16.16 3 0
github.com/E-Furqan/Food-Delivery-System/EnviormentVariable/env.go:16.16,18.3 1 0
github.com/E-Furqan/Food-Delivery-System/EnviormentVariable/env.go:20.2,27.16 7 0
github.com/E-Furqan/Food-Delivery-System/EnviormentVariable/env.go:27.16,30.3 2 0
github.com/E-Furqan/Food-Delivery-System/EnviormentVariable/env.go:32.2,32.20 1 0
github.com/E-Furqan/Food-Delivery-System/EnviormentVariable/env.go:35.48,39.16 3 0
github.com/E-Furqan/Food-Delivery-System/EnviormentVariable/env.go:39.16,41.3 1 0
github.com/E-Furqan/Food-Delivery-System/EnviormentVariable/env.go:42.2,49.23 7 0
github.com/E-Furqan/Food-Delivery-System/EnviormentVariable/env.go:52.46,56.16 3 0
github.com/E-Furqan/Food-Delivery-System/EnviormentVariable/env.go:56.16,58.3 1 0
github.com/E-Furqan/Food-Delivery-System/EnviormentVariable/env.go:59.2,65.22 5 0
github.com/E-Furqan/Food-Delivery-System/EnviormentVariable/env.go:68.46,75.2 4 0
github.com/E-Furqan/Food-Delivery-System/Repositories/database.go:15.45,19.2 1 0
github.com/E-Furqan/Food-Delivery-System/Repositories/database.go:21.60,23.25 2 0
github.com/E-Furqan/Food-Delivery-System/Repositories/database.go:23.25,26.3 2 0
github.com/E-Furqan/Food-Delivery-System/Repositories/database.go:27.2,27.12 1 0
github.com/E-Furqan/Food-Delivery-System/Repositories/database.go:30.60,34.2 3 0
github.com/E-Furqan/Food-Delivery-System/Repositories/database.go:36.67,39.16 2 0
github.com/E-Furqan/Food-Delivery-System/Repositories/database.go:39.16,42.3 2 0
github.com/E-Furqan/Food-Delivery-System/Repositories/database.go:44.2,44.12 1 0
github.com/E-Furqan/Food-Delivery-System/Repositories/database.go:47.103,50.16 3 0
github.com/E-Furqan/Food-Delivery-System/Repositories/database.go:50.16,53.3 2 0
github.com/E-Furqan/Food-Delivery-System/Repositories/database.go:54.2,56.12 2 0
github.com/E-Furqan/Food-Delivery-System/Repositories/database.go:59.70,63.2 2 0
github.com/E-Furqan/Food-Delivery-System/Repositories/database.go:65.100,67.22 1 0
github.com/E-Furqan/Food-Delivery-System/Repositories/database.go:67.22,69.3 1 0
github.com/E-Furqan/Food-Delivery-System/Repositories/database.go:70.2,70.17 1 0
github.com/E-Furqan/Food-Delivery-System/Repositories/database.go:70.17,72.3 1 0
github.com/E-Furqan/Food-Delivery-System/Repositories/database.go:73.2,78.23 4 0
github.com/E-Furqan/Food-Delivery-System/Repositories/database.go:81.61,88.2 3 0
github.com/E-Furqan/Food-Delivery-System/Repositories/database.go:90.81,94.2 3 0
github.com/E-Furqan/Food-Delivery-System/Repositories/database.go:96.60,99.2 2 0
github.com/E-Furqan/Food-Delivery-System/Repositories/database.go:101.60,104.2 2 0
github.com/E-Furqan/Food-Delivery-System/Repositories/database.go:106.67,108.25 2 0
github.com/E-Furqan/Food-Delivery-System/Repositories/database.go:108.25,111.3 2 0
github.com/E-Furqan/Food-Delivery-System/Repositories/database.go:112.2,112.12 1 0
github.com/E-Furqan/Food-Delivery-System/Repositories/database.go:115.78,122.2 4 0
github.com/E-Furqan/Food-Delivery-System/Repositories/database.go:124.69,127.126 2 0
github.com/E-Furqan/Food-Delivery-System/Repositories/database.go:127.126,129.3 1 0
github.com/E-Furqan/Food-Delivery-System/Repositories/database.go:131.2,136.12 3 0
github.com/E-Furqan/Food-Delivery-System/Repositories/database.go:139.70,141.2 1 0
github.com/E-Furqan/Food-Delivery-System/Repositories/database.go:143.66,145.2 1 0
github.com/E-Furqan/Food-Delivery-System/Middleware/middleware.go:20.96,25.2 1 0
github.com/E-Furqan/Food-Delivery-System/Middleware/middleware.go:27.60,28.30 1 0
github.com/E-Furqan/Food-Delivery-System/Middleware/middleware.go:28.30,30.70 2 0
github.com/E-Furqan/Food-Delivery-System/Middleware/middleware.go:30.70,34.4 3 0
github.com/E-Furqan/Food-Delivery-System/Middleware/middleware.go:36.3,39.102 3 0
github.com/E-Furqan/Food-Delivery-System/Middleware/middleware.go:39.102,41.4 1 0
github.com/E-Furqan/Food-Delivery-System/Middleware/middleware.go:42.3,42.33 1 0
github.com/E-Furqan/Food-Delivery-System/Middleware/middleware.go:42.33,47.4 4 0
github.com/E-Furqan/Food-Delivery-System/Middleware/middleware.go:48.3,50.11 3 0
github.com/E-Furqan/Food-Delivery-System/Middleware/middleware.go:54.54,58.49 2 0
github.com/E-Furqan/Food-Delivery-System/Middleware/middleware.go:58.49,61.3 2 0
github.com/E-Furqan/Food-Delivery-System/Middleware/middleware.go:63.2,67.16 5 0
github.com/E-Furqan/Food-Delivery-System/Middleware/middleware.go:67.16,70.3 2 0
github.com/E-Furqan/Food-Delivery-System/Middleware/middleware.go:72.2,76.4 1 0
github.com/E-Furqan/Food-Delivery-System/Route/routes.go:11.145,19.2 6 0
github.com/E-Furqan/Food-Delivery-System/Route/routes.go:19.2,39.3 14 0
github.com/E-Furqan/Food-Delivery-System/Utils/utils.go:13.125,20.34 3 0
github.com/E-Furqan/Food-Delivery-System/Utils/utils.go:20.34,22.3 1 0
github.com/E-Furqan/Food-Delivery-System/Utils/utils.go:24.2,24.34 1 0
github.com/E-Furqan/Food-Delivery-System/Utils/utils.go:27.48,29.13 2 0
github.com/E-Furqan/Food-Delivery-System/Utils/utils.go:29.13,31.3 1 0
github.com/E-Furqan/Food-Delivery-System/Utils/utils.go:32.2,33.9 2 0
github.com/E-Furqan/Food-Delivery-System/Utils/utils.go:33.9,35.3 1 0
github.com/E-Furqan/Food-Delivery-System/Utils/utils.go:36.2,36.20 1 0
github.com/E-Furqan/Food-Delivery-System/Utils/utils.go:39.52,41.13 2 0
github.com/E-Furqan/Food-Delivery-System/Utils/utils.go:41.13,43.3 1 0
github.com/E-Furqan/Food-Delivery-System/Utils/utils.go:45.2,45.27 1 0
github.com/E-Furqan/Food-Delivery-System/Utils/utils.go:45.27,47.3 1 0
github.com/E-Furqan/Food-Delivery-System/Utils/utils.go:49.2,49.24 1 0
github.com/E-Furqan/Food-Delivery-System/Utils/utils.go:52.55,57.2 4 0
github.com/E-Furqan/Food-Delivery-System/Utils/utils.go:59.51,60.42 1 0
github.com/E-Furqan/Food-Delivery-System/Utils/utils.go:60.42,62.3 1 0
github.com/E-Furqan/Food-Delivery-System/Utils/utils.go:63.2,63.19 1 0
github.com/E-Furqan/Food-Delivery-System/Utils/utils.go:66.42,68.22 2 0
github.com/E-Furqan/Food-Delivery-System/Utils/utils.go:68.22,71.3 2 0
github.com/E-Furqan/Food-Delivery-System/Utils/utils.go:72.2,73.55 2 0
github.com/E-Furqan/Food-Delivery-System/Utils/utils.go:73.55,76.3 2 0
github.com/E-Furqan/Food-Delivery-System/Utils/utils.go:77.2,78.14 2 0
github.com/E-Furqan/Food-Delivery-System/EnviormentVariable/env.go:12.42,16.16 3 1
github.com/E-Furqan/Food-Delivery-System/EnviormentVariable/env.go:16.16,18.3 1 1
github.com/E-Furqan/Food-Delivery-System/EnviormentVariable/env.go:20.2,27.16 7 1
github.com/E-Furqan/Food-Delivery-System/EnviormentVariable/env.go:27.16,30.3 2 0
github.com/E-Furqan/Food-Delivery-System/EnviormentVariable/env.go:32.2,32.20 1 1
github.com/E-Furqan/Food-Delivery-System/EnviormentVariable/env.go:35.48,39.16 3 0
github.com/E-Furqan/Food-Delivery-System/EnviormentVariable/env.go:39.16,41.3 1 0
github.com/E-Furqan/Food-Delivery-System/EnviormentVariable/env.go:42.2,49.23 7 0
github.com/E-Furqan/Food-Delivery-System/EnviormentVariable/env.go:52.46,56.16 3 0
github.com/E-Furqan/Food-Delivery-System/EnviormentVariable/env.go:56.16,58.3 1 0
github.com/E-Furqan/Food-Delivery-System/EnviormentVariable/env.go:59.2,65.22 5 0
github.com/E-Furqan/Food-Delivery-System/EnviormentVariable/env.go:68.46,75.2 4 0
github.com/E-Furqan/Food-Delivery-System/Repositories/database.go:15.45,19.2 1 0
github.com/E-Furqan/Food-Delivery-System/Repositories/database.go:21.60,23.25 2 1
github.com/E-Furqan/Food-Delivery-System/Repositories/database.go:23.25,26.3 2 1
github.com/E-Furqan/Food-Delivery-System/Repositories/database.go:27.2,27.12 1 1
github.com/E-Furqan/Food-Delivery-System/Repositories/database.go:30.60,34.2 3 1
github.com/E-Furqan/Food-Delivery-System/Repositories/database.go:36.67,39.16 2 1
github.com/E-Furqan/Food-Delivery-System/Repositories/database.go:39.16,42.3 2 1
github.com/E-Furqan/Food-Delivery-System/Repositories/database.go:44.2,44.12 1 1
github.com/E-Furqan/Food-Delivery-System/Repositories/database.go:47.103,50.16 3 1
github.com/E-Furqan/Food-Delivery-System/Repositories/database.go:50.16,53.3 2 1
github.com/E-Furqan/Food-Delivery-System/Repositories/database.go:54.2,56.12 2 1
github.com/E-Furqan/Food-Delivery-System/Repositories/database.go:59.70,63.2 2 1
github.com/E-Furqan/Food-Delivery-System/Repositories/database.go:65.100,67.22 1 1
github.com/E-Furqan/Food-Delivery-System/Repositories/database.go:67.22,69.3 1 1
github.com/E-Furqan/Food-Delivery-System/Repositories/database.go:70.2,70.17 1 1
github.com/E-Furqan/Food-Delivery-System/Repositories/database.go:70.17,72.3 1 1
github.com/E-Furqan/Food-Delivery-System/Repositories/database.go:73.2,78.23 4 1
github.com/E-Furqan/Food-Delivery-System/Repositories/database.go:81.61,88.2 3 1
github.com/E-Furqan/Food-Delivery-System/Repositories/database.go:90.81,94.2 3 1
github.com/E-Furqan/Food-Delivery-System/Repositories/database.go:96.60,99.2 2 1
github.com/E-Furqan/Food-Delivery-System/Repositories/database.go:101.60,104.2 2 1
github.com/E-Furqan/Food-Delivery-System/Repositories/database.go:106.67,108.25 2 1
github.com/E-Furqan/Food-Delivery-System/Repositories/database.go:108.25,111.3 2 1
github.com/E-Furqan/Food-Delivery-System/Repositories/database.go:112.2,112.12 1 1
github.com/E-Furqan/Food-Delivery-System/Repositories/database.go:115.78,122.2 4 1
github.com/E-Furqan/Food-Delivery-System/Repositories/database.go:124.69,127.126 2 1
github.com/E-Furqan/Food-Delivery-System/Repositories/database.go:127.126,129.3 1 1
github.com/E-Furqan/Food-Delivery-System/Repositories/database.go:131.2,136.12 3 1
github.com/E-Furqan/Food-Delivery-System/Repositories/database.go:139.70,141.2 1 1
github.com/E-Furqan/Food-Delivery-System/Repositories/database.go:143.66,145.2 1 1
github.com/E-Furqan/Food-Delivery-System/Repositories/TestDatabase/ConfigTestDatabase.go:16.46,20.16 3 1
github.com/E-Furqan/Food-Delivery-System/Repositories/TestDatabase/ConfigTestDatabase.go:20.16,22.3 1 1
github.com/E-Furqan/Food-Delivery-System/Repositories/TestDatabase/ConfigTestDatabase.go:24.2,28.16 3 1
github.com/E-Furqan/Food-Delivery-System/Repositories/TestDatabase/ConfigTestDatabase.go:28.16,30.3 1 0
github.com/E-Furqan/Food-Delivery-System/Repositories/TestDatabase/ConfigTestDatabase.go:32.2,33.16 2 1
github.com/E-Furqan/Food-Delivery-System/Repositories/TestDatabase/ConfigTestDatabase.go:33.16,35.3 1 0
github.com/E-Furqan/Food-Delivery-System/Repositories/TestDatabase/ConfigTestDatabase.go:37.2,38.16 2 1
github.com/E-Furqan/Food-Delivery-System/Repositories/TestDatabase/ConfigTestDatabase.go:38.16,40.3 1 0
github.com/E-Furqan/Food-Delivery-System/Repositories/TestDatabase/ConfigTestDatabase.go:42.2,43.16 2 1
github.com/E-Furqan/Food-Delivery-System/Repositories/TestDatabase/ConfigTestDatabase.go:43.16,45.3 1 0
github.com/E-Furqan/Food-Delivery-System/Repositories/TestDatabase/ConfigTestDatabase.go:47.2,49.11 2 1
github.com/E-Furqan/Food-Delivery-System/Utils/utils.go:13.125,20.34 3 0
github.com/E-Furqan/Food-Delivery-System/Utils/utils.go:20.34,22.3 1 0
github.com/E-Furqan/Food-Delivery-System/Utils/utils.go:24.2,24.34 1 0
github.com/E-Furqan/Food-Delivery-System/Utils/utils.go:27.48,29.13 2 0
github.com/E-Furqan/Food-Delivery-System/Utils/utils.go:29.13,31.3 1 0
github.com/E-Furqan/Food-Delivery-System/Utils/utils.go:32.2,33.9 2 0
github.com/E-Furqan/Food-Delivery-System/Utils/utils.go:33.9,35.3 1 0
github.com/E-Furqan/Food-Delivery-System/Utils/utils.go:36.2,36.20 1 0
github.com/E-Furqan/Food-Delivery-System/Utils/utils.go:39.52,41.13 2 0
github.com/E-Furqan/Food-Delivery-System/Utils/utils.go:41.13,43.3 1 0
github.com/E-Furqan/Food-Delivery-System/Utils/utils.go:45.2,45.27 1 0
github.com/E-Furqan/Food-Delivery-System/Utils/utils.go:45.27,47.3 1 0
github.com/E-Furqan/Food-Delivery-System/Utils/utils.go:49.2,49.24 1 0
github.com/E-Furqan/Food-Delivery-System/Utils/utils.go:52.55,57.2 4 0
github.com/E-Furqan/Food-Delivery-System/Utils/utils.go:59.51,60.42 1 1
github.com/E-Furqan/Food-Delivery-System/Utils/utils.go:60.42,62.3 1 0
github.com/E-Furqan/Food-Delivery-System/Utils/utils.go:63.2,63.19 1 1
github.com/E-Furqan/Food-Delivery-System/Utils/utils.go:66.42,68.22 2 0
github.com/E-Furqan/Food-Delivery-System/Utils/utils.go:68.22,71.3 2 0
github.com/E-Furqan/Food-Delivery-System/Utils/utils.go:72.2,73.55 2 0
github.com/E-Furqan/Food-Delivery-System/Utils/utils.go:73.55,76.3 2 0
github.com/E-Furqan/Food-Delivery-System/Utils/utils.go:77.2,78.14 2 0
